{ level: 'error', timestamp: '2020-12-04T23:24:46.375Z' }
{
  message: 'POST /back/login 500 21 - 136.888 ms\n',
  level: 'info',
  timestamp: '2020-12-04T23:24:46.381Z'
}
{ level: 'error', timestamp: '2020-12-04T23:25:28.229Z' }
{
  message: 'POST /back/login 500 21 - 137.349 ms\n',
  level: 'info',
  timestamp: '2020-12-04T23:25:28.235Z'
}
{
  message: 'POST /back/login 200 128 - 135.011 ms\n',
  level: 'info',
  timestamp: '2020-12-04T23:25:47.544Z'
}
{ level: 'error', timestamp: '2020-12-04T23:26:56.223Z' }
{
  message: 'POST /back/login 500 21 - 135.213 ms\n',
  level: 'info',
  timestamp: '2020-12-04T23:26:56.229Z'
}
{ level: 'error', timestamp: '2020-12-04T23:27:34.655Z' }
{
  message: 'POST /back/login 500 21 - 136.002 ms\n',
  level: 'info',
  timestamp: '2020-12-04T23:27:34.662Z'
}
{ level: 'error', timestamp: '2020-12-04T23:28:07.573Z' }
{
  message: 'POST /back/login 500 21 - 138.457 ms\n',
  level: 'info',
  timestamp: '2020-12-04T23:28:07.579Z'
}
{ level: 'error', timestamp: '2020-12-04T23:32:53.990Z' }
{
  message: 'POST /back/login 500 21 - 139.078 ms\n',
  level: 'info',
  timestamp: '2020-12-04T23:32:53.996Z'
}
{ level: 'error', timestamp: '2020-12-04T23:33:12.117Z' }
{
  message: 'POST /back/login 500 21 - 137.333 ms\n',
  level: 'info',
  timestamp: '2020-12-04T23:33:12.123Z'
}
{ level: 'error', timestamp: '2020-12-04T23:33:37.735Z' }
{
  message: 'POST /back/login 500 21 - 132.696 ms\n',
  level: 'info',
  timestamp: '2020-12-04T23:33:37.741Z'
}
{ level: 'error', timestamp: '2020-12-04T23:34:18.680Z' }
{
  message: 'POST /back/login 500 21 - 139.100 ms\n',
  level: 'info',
  timestamp: '2020-12-04T23:34:18.688Z'
}
{ level: 'error', timestamp: '2020-12-04T23:34:37.962Z' }
{
  message: 'POST /back/login 500 21 - 137.962 ms\n',
  level: 'info',
  timestamp: '2020-12-04T23:34:37.968Z'
}
{ level: 'error', timestamp: '2020-12-04T23:35:10.894Z' }
{
  message: 'POST /back/login 500 21 - 136.502 ms\n',
  level: 'info',
  timestamp: '2020-12-04T23:35:10.900Z'
}
{ level: 'error', timestamp: '2020-12-04T23:36:14.983Z' }
{
  message: 'POST /back/login 500 21 - 135.614 ms\n',
  level: 'info',
  timestamp: '2020-12-04T23:36:14.990Z'
}
{
  message: 'POST /back/login 200 128 - 131.989 ms\n',
  level: 'info',
  timestamp: '2020-12-04T23:37:27.833Z'
}
{ level: 'error', timestamp: '2020-12-04T23:38:24.438Z' }
{
  message: 'POST /back/login 500 21 - 139.410 ms\n',
  level: 'info',
  timestamp: '2020-12-04T23:38:24.444Z'
}
{ level: 'error', timestamp: '2020-12-04T23:52:45.425Z' }
{
  message: 'POST /back/login 500 21 - 134.769 ms\n',
  level: 'info',
  timestamp: '2020-12-04T23:52:45.432Z'
}
{
  message: 'POST /back/login 200 128 - 137.442 ms\n',
  level: 'info',
  timestamp: '2020-12-04T23:53:26.926Z'
}
{
  message: 'POST /back/login 200 128 - 133.139 ms\n',
  level: 'info',
  timestamp: '2020-12-04T23:55:21.250Z'
}
{ level: 'error', timestamp: '2020-12-04T23:55:41.661Z' }
{
  message: 'POST /back/login 500 21 - 140.192 ms\n',
  level: 'info',
  timestamp: '2020-12-04T23:55:41.669Z'
}
{ level: 'error', timestamp: '2020-12-04T23:56:27.497Z' }
{
  message: 'POST /back/login 500 21 - 134.447 ms\n',
  level: 'info',
  timestamp: '2020-12-04T23:56:27.504Z'
}
{ level: 'error', timestamp: '2020-12-04T23:56:44.410Z' }
{
  message: 'POST /back/login 500 21 - 142.999 ms\n',
  level: 'info',
  timestamp: '2020-12-04T23:56:44.417Z'
}
{ level: 'error', timestamp: '2020-12-04T23:56:58.282Z' }
{
  message: 'POST /back/login 500 21 - 139.112 ms\n',
  level: 'info',
  timestamp: '2020-12-04T23:56:58.289Z'
}
{ level: 'error', timestamp: '2020-12-04T23:57:13.428Z' }
{
  message: 'POST /back/login 500 21 - 136.650 ms\n',
  level: 'info',
  timestamp: '2020-12-04T23:57:13.435Z'
}
{ level: 'error', timestamp: '2020-12-04T23:57:44.204Z' }
{
  message: 'POST /back/login 500 21 - 133.945 ms\n',
  level: 'info',
  timestamp: '2020-12-04T23:57:44.210Z'
}
{ level: 'error', timestamp: '2020-12-04T23:58:00.620Z' }
{
  message: 'POST /back/login 500 21 - 135.094 ms\n',
  level: 'info',
  timestamp: '2020-12-04T23:58:00.626Z'
}
{ level: 'error', timestamp: '2020-12-04T23:58:32.024Z' }
{
  message: 'POST /back/login 500 21 - 83.654 ms\n',
  level: 'info',
  timestamp: '2020-12-04T23:58:32.025Z'
}
{
  message: 'POST /back/login 200 119 - 133.939 ms\n',
  level: 'info',
  timestamp: '2020-12-04T23:59:33.286Z'
}
{
  message: 'POST /back/login 200 119 - 83.754 ms\n',
  level: 'info',
  timestamp: '2020-12-04T23:59:40.058Z'
}
{
  message: 'POST /back/login 200 119 - 129.850 ms\n',
  level: 'info',
  timestamp: '2020-12-05T00:00:16.479Z'
}
{ level: 'error', timestamp: '2020-12-05T00:00:31.603Z' }
{
  message: 'POST /back/login 500 21 - 134.909 ms\n',
  level: 'info',
  timestamp: '2020-12-05T00:00:31.608Z'
}
{ level: 'error', timestamp: '2020-12-05T00:01:36.689Z' }
{
  message: 'POST /back/login 500 21 - 153.327 ms\n',
  level: 'info',
  timestamp: '2020-12-05T00:01:36.703Z'
}
{ level: 'error', timestamp: '2020-12-05T00:03:34.667Z' }
{
  message: 'POST /back/login 500 21 - 134.933 ms\n',
  level: 'info',
  timestamp: '2020-12-05T00:03:34.673Z'
}
{ level: 'error', timestamp: '2020-12-05T00:04:06.570Z' }
{
  message: 'POST /back/login 500 21 - 141.771 ms\n',
  level: 'info',
  timestamp: '2020-12-05T00:04:06.575Z'
}
{ level: 'error', timestamp: '2020-12-05T00:05:11.649Z' }
{
  message: 'POST /back/login 500 21 - 137.803 ms\n',
  level: 'info',
  timestamp: '2020-12-05T00:05:11.654Z'
}
{ level: 'error', timestamp: '2020-12-05T00:06:21.743Z' }
{
  message: 'POST /back/login 500 21 - 141.278 ms\n',
  level: 'info',
  timestamp: '2020-12-05T00:06:21.749Z'
}
{ level: 'error', timestamp: '2020-12-05T00:07:07.592Z' }
{
  message: 'POST /back/login 500 21 - 135.678 ms\n',
  level: 'info',
  timestamp: '2020-12-05T00:07:07.598Z'
}
{ level: 'error', timestamp: '2020-12-05T00:07:25.844Z' }
{
  message: 'POST /back/login 500 21 - 135.784 ms\n',
  level: 'info',
  timestamp: '2020-12-05T00:07:25.851Z'
}
{ level: 'error', timestamp: '2020-12-05T00:07:53.994Z' }
{
  message: 'POST /back/login 500 21 - 136.230 ms\n',
  level: 'info',
  timestamp: '2020-12-05T00:07:54.000Z'
}
{ level: 'error', timestamp: '2020-12-05T00:10:17.143Z' }
{
  message: 'POST /back/login 500 21 - 82.723 ms\n',
  level: 'info',
  timestamp: '2020-12-05T00:10:17.144Z'
}
{ level: 'error', timestamp: '2020-12-05T00:10:43.382Z' }
{
  message: 'POST /back/login 500 21 - 143.620 ms\n',
  level: 'info',
  timestamp: '2020-12-05T00:10:43.391Z'
}
{
  message: 'POST /back/login 200 128 - 134.088 ms\n',
  level: 'info',
  timestamp: '2020-12-05T00:11:04.226Z'
}
{ level: 'error', timestamp: '2020-12-05T00:11:26.738Z' }
{
  message: 'POST /back/login 500 21 - 141.716 ms\n',
  level: 'info',
  timestamp: '2020-12-05T00:11:26.747Z'
}
{ level: 'error', timestamp: '2020-12-05T00:12:31.587Z' }
{
  message: 'POST /back/login 500 21 - 142.595 ms\n',
  level: 'info',
  timestamp: '2020-12-05T00:12:31.597Z'
}
{ level: 'error', timestamp: '2020-12-05T00:20:57.729Z' }
{
  message: 'POST /back/login 500 21 - 143.905 ms\n',
  level: 'info',
  timestamp: '2020-12-05T00:20:57.745Z'
}
{
  message: 'POST /back/login 200 128 - 136.579 ms\n',
  level: 'info',
  timestamp: '2020-12-05T00:23:48.428Z'
}
{
  message: 'POST /back/login 200 128 - 139.200 ms\n',
  level: 'info',
  timestamp: '2020-12-05T00:25:12.434Z'
}
{
  message: 'POST /back/login 200 128 - 137.135 ms\n',
  level: 'info',
  timestamp: '2020-12-05T00:25:40.433Z'
}
{
  message: 'POST /back/login 200 128 - 139.475 ms\n',
  level: 'info',
  timestamp: '2020-12-05T00:27:05.480Z'
}
{
  message: 'POST /back/login 200 128 - 133.668 ms\n',
  level: 'info',
  timestamp: '2020-12-05T00:28:05.872Z'
}
{
  message: 'POST /back/login 200 128 - 81.550 ms\n',
  level: 'info',
  timestamp: '2020-12-05T00:28:44.361Z'
}
{
  code: 'ERR_HTTP_INVALID_STATUS_CODE',
  level: 'error',
  timestamp: '2020-12-05T00:29:02.999Z'
}
{
  message: 'POST /back/login 500 21 - 140.748 ms\n',
  level: 'info',
  timestamp: '2020-12-05T00:29:03.009Z'
}
{
  message: 'POST /back/login 200 281 - 136.881 ms\n',
  level: 'info',
  timestamp: '2020-12-05T00:29:47.609Z'
}
{
  message: 'POST /back/login 200 281 - 136.376 ms\n',
  level: 'info',
  timestamp: '2020-12-05T00:30:19.066Z'
}
{
  message: 'POST /back/login 200 281 - 133.661 ms\n',
  level: 'info',
  timestamp: '2020-12-05T00:32:14.505Z'
}
{
  message: 'POST /back/login 200 281 - 130.325 ms\n',
  level: 'info',
  timestamp: '2020-12-05T00:37:45.802Z'
}
{
  message: 'POST /back/login 200 281 - 134.079 ms\n',
  level: 'info',
  timestamp: '2020-12-05T00:38:14.686Z'
}
{
  message: 'POST /back/login 200 290 - 137.057 ms\n',
  level: 'info',
  timestamp: '2020-12-05T00:38:41.117Z'
}
{
  message: 'POST /back/login 200 290 - 140.790 ms\n',
  level: 'info',
  timestamp: '2020-12-05T00:39:23.516Z'
}
{ level: 'error', timestamp: '2020-12-05T00:46:23.607Z' }
{
  message: 'GET /back/users/2 500 21 - 8.676 ms\n',
  level: 'info',
  timestamp: '2020-12-05T00:46:23.613Z'
}
{
  message: 'GET /back/users/ 200 1451 - 83.817 ms\n',
  level: 'info',
  timestamp: '2020-12-05T00:46:32.985Z'
}
{ level: 'error', timestamp: '2020-12-05T00:46:39.724Z' }
{
  message: 'GET /back/users/1 500 21 - 1.745 ms\n',
  level: 'info',
  timestamp: '2020-12-05T00:46:39.725Z'
}
{
  message: 'GET /back/users/1 200 121 - 129.900 ms\n',
  level: 'info',
  timestamp: '2020-12-05T00:47:06.316Z'
}
{
  message: 'GET /back/users/1 200 121 - 133.726 ms\n',
  level: 'info',
  timestamp: '2020-12-05T00:47:29.990Z'
}
{
  message: 'GET /back/users/1 200 121 - 143.032 ms\n',
  level: 'info',
  timestamp: '2020-12-05T00:48:02.056Z'
}
{
  message: 'GET /back/users/1 200 121 - 141.539 ms\n',
  level: 'info',
  timestamp: '2020-12-05T00:48:37.438Z'
}
{
  message: 'GET /back/users/1 200 121 - 135.853 ms\n',
  level: 'info',
  timestamp: '2020-12-05T00:49:04.634Z'
}
{
  message: 'POST /back/login 200 290 - 83.360 ms\n',
  level: 'info',
  timestamp: '2020-12-05T00:49:22.274Z'
}
{
  message: 'GET /back/users/1 200 121 - 138.286 ms\n',
  level: 'info',
  timestamp: '2020-12-05T00:50:37.436Z'
}
{
  message: 'GET /back/users/1 200 121 - 134.002 ms\n',
  level: 'info',
  timestamp: '2020-12-05T00:51:09.097Z'
}
{
  message: 'GET /back/users/1 200 121 - 140.858 ms\n',
  level: 'info',
  timestamp: '2020-12-05T00:51:54.718Z'
}
{
  message: 'GET /back/users/1 200 121 - 139.344 ms\n',
  level: 'info',
  timestamp: '2020-12-05T00:53:25.456Z'
}
{
  message: 'GET /back/users/1 200 121 - 593.573 ms\n',
  level: 'info',
  timestamp: '2020-12-05T00:53:50.716Z'
}
{
  message: 'GET /back/users/1 200 121 - 312.535 ms\n',
  level: 'info',
  timestamp: '2020-12-05T00:56:46.694Z'
}
{
  message: 'GET /back/users/1 200 121 - 136.765 ms\n',
  level: 'info',
  timestamp: '2020-12-05T00:57:34.406Z'
}
{
  message: 'GET /back/users/1 200 121 - 137.173 ms\n',
  level: 'info',
  timestamp: '2020-12-05T00:58:21.142Z'
}
{
  message: 'GET /back/users/1 200 121 - 105.601 ms\n',
  level: 'info',
  timestamp: '2020-12-05T00:59:19.352Z'
}
{
  message: 'GET /back/users/1 200 121 - 134.743 ms\n',
  level: 'info',
  timestamp: '2020-12-05T00:59:45.028Z'
}
{
  message: 'GET /back/users/1 200 121 - 134.380 ms\n',
  level: 'info',
  timestamp: '2020-12-05T01:01:10.088Z'
}
{
  message: 'GET /back/users/1 200 121 - 131.792 ms\n',
  level: 'info',
  timestamp: '2020-12-05T01:02:01.595Z'
}
{
  message: 'GET /back/users/1 200 121 - 134.992 ms\n',
  level: 'info',
  timestamp: '2020-12-05T01:02:11.843Z'
}
{
  message: 'GET /back/users/1 200 121 - 136.056 ms\n',
  level: 'info',
  timestamp: '2020-12-05T01:03:07.705Z'
}
{
  message: 'GET /back/users/1 200 121 - 140.467 ms\n',
  level: 'info',
  timestamp: '2020-12-05T01:04:02.263Z'
}
{
  message: 'GET /back/users/1 200 121 - 133.379 ms\n',
  level: 'info',
  timestamp: '2020-12-05T01:04:18.886Z'
}
{
  message: 'GET /back/users/1 200 121 - 134.709 ms\n',
  level: 'info',
  timestamp: '2020-12-05T01:09:40.684Z'
}
{
  name: 'JsonWebTokenError',
  message: 'invalid signature',
  level: 'error',
  timestamp: '2020-12-05T01:09:51.853Z'
}
{
  message: 'GET /back/users/1 500 21 - 1.981 ms\n',
  level: 'info',
  timestamp: '2020-12-05T01:09:51.854Z'
}
{
  name: 'JsonWebTokenError',
  message: 'invalid signature',
  level: 'error',
  timestamp: '2020-12-05T01:10:27.250Z'
}
{
  message: 'GET /back/users/1 500 21 - 107.468 ms\n',
  level: 'info',
  timestamp: '2020-12-05T01:10:27.355Z'
}
{
  message: 'GET /back/users/1 500 13 - 1.885 ms\n',
  level: 'info',
  timestamp: '2020-12-05T01:20:34.924Z'
}
{
  message: 'POST /back/login 200 290 - 132.462 ms\n',
  level: 'info',
  timestamp: '2020-12-05T01:20:51.552Z'
}
{
  message: 'GET /back/users/1 500 13 - 0.217 ms\n',
  level: 'info',
  timestamp: '2020-12-05T01:21:12.061Z'
}
{
  message: 'GET /back/users/1 500 13 - 2.323 ms\n',
  level: 'info',
  timestamp: '2020-12-05T01:21:39.084Z'
}
{
  message: 'GET /back/users/1 500 13 - 1.991 ms\n',
  level: 'info',
  timestamp: '2020-12-05T01:22:22.254Z'
}
{
  message: 'GET /back/users/1 - - - - ms\n',
  level: 'info',
  timestamp: '2020-12-05T01:22:46.313Z'
}
{ level: 'error', timestamp: '2020-12-05T01:23:04.351Z' }
{
  message: 'GET /back/users/1 500 21 - 12.359 ms\n',
  level: 'info',
  timestamp: '2020-12-05T01:23:04.359Z'
}
{
  message: 'GET /back/users/1 - - - - ms\n',
  level: 'info',
  timestamp: '2020-12-05T01:23:49.435Z'
}
{
  message: 'GET /back/users/1 200 42 - 3.369 ms\n',
  level: 'info',
  timestamp: '2020-12-05T01:24:16.741Z'
}
{
  message: 'GET /back/users/1 200 121 - 130.604 ms\n',
  level: 'info',
  timestamp: '2020-12-05T01:24:51.007Z'
}
{
  message: 'GET /back/users/ 200 1451 - 40.840 ms\n',
  level: 'info',
  timestamp: '2020-12-05T01:26:46.371Z'
}
{
  message: 'GET /back/users/ 200 1451 - 38.993 ms\n',
  level: 'info',
  timestamp: '2020-12-05T01:26:50.254Z'
}
{
  message: 'GET /back/users/ 500 13 - 2.579 ms\n',
  level: 'info',
  timestamp: '2020-12-05T01:27:03.357Z'
}
{
  message: 'GET /back/users/1 200 121 - 127.294 ms\n',
  level: 'info',
  timestamp: '2020-12-05T01:27:13.910Z'
}
{
  message: 'GET /back/users/ 200 1451 - 39.216 ms\n',
  level: 'info',
  timestamp: '2020-12-05T01:27:17.430Z'
}
{
  message: 'GET /back/users/ 500 13 - 0.723 ms\n',
  level: 'info',
  timestamp: '2020-12-05T01:27:23.242Z'
}
{
  message: 'GET /back/users/ 500 13 - 2.148 ms\n',
  level: 'info',
  timestamp: '2020-12-05T11:04:49.426Z'
}
{
  message: 'POST /back/login 200 305 - 130.846 ms\n',
  level: 'info',
  timestamp: '2020-12-05T11:04:57.084Z'
}
{
  message: 'GET /back/users/ 200 1451 - 42.787 ms\n',
  level: 'info',
  timestamp: '2020-12-05T11:05:12.738Z'
}
{
  message: 'POST /back/login 200 305 - 136.284 ms\n',
  level: 'info',
  timestamp: '2020-12-05T11:05:47.515Z'
}
{
  message: 'POST /back/login 200 305 - 132.033 ms\n',
  level: 'info',
  timestamp: '2020-12-05T11:11:01.515Z'
}
