{
  message: 'POST /back/login 401 25 - 79.661 ms\n',
  level: 'info',
  timestamp: '2020-12-08T12:08:24.181Z'
}
{
  message: 'POST /back/login 200 305 - 69.586 ms\n',
  level: 'info',
  timestamp: '2020-12-08T12:08:30.817Z'
}
{
  message: 'GET /back/users?withRoles=true 304 - - 34.185 ms\n',
  level: 'info',
  timestamp: '2020-12-08T12:08:39.958Z'
}
{
  message: 'GET /back/users?withRoles=true 304 - - 41.864 ms\n',
  level: 'info',
  timestamp: '2020-12-08T12:08:40.018Z'
}
{
  message: 'POST /back/login 200 305 - 67.161 ms\n',
  level: 'info',
  timestamp: '2020-12-08T12:10:29.496Z'
}
{
  message: 'POST /back/login 200 305 - 66.985 ms\n',
  level: 'info',
  timestamp: '2020-12-08T12:15:58.506Z'
}
{
  message: 'POST /back/login 200 305 - 65.901 ms\n',
  level: 'info',
  timestamp: '2020-12-08T12:17:44.697Z'
}
{
  message: 'GET /back/users?withRoles=true 200 1787 - 37.480 ms\n',
  level: 'info',
  timestamp: '2020-12-08T12:17:58.406Z'
}
{
  message: 'GET /back/users?withRoles=true 200 1787 - 36.901 ms\n',
  level: 'info',
  timestamp: '2020-12-08T12:17:58.466Z'
}
{
  message: 'GET /back/users/roles 200 82 - 33.911 ms\n',
  level: 'info',
  timestamp: '2020-12-08T12:18:00.529Z'
}
{
  message: 'GET /back/users?withRoles=true 200 1787 - 34.850 ms\n',
  level: 'info',
  timestamp: '2020-12-08T12:18:03.398Z'
}
{
  message: 'GET /back/users?withRoles=true 200 1787 - 33.525 ms\n',
  level: 'info',
  timestamp: '2020-12-08T12:18:03.454Z'
}
{ level: 'error', timestamp: '2020-12-08T12:24:26.414Z' }
{
  message: 'PATCH /back/users 500 21 - 40.165 ms\n',
  level: 'info',
  timestamp: '2020-12-08T12:24:26.418Z'
}
{ level: 'error', timestamp: '2020-12-08T12:24:34.614Z' }
{
  message: 'PATCH /back/users 500 21 - 38.479 ms\n',
  level: 'info',
  timestamp: '2020-12-08T12:24:34.617Z'
}
{ level: 'error', timestamp: '2020-12-08T12:24:36.361Z' }
{
  message: 'PATCH /back/users 500 21 - 37.452 ms\n',
  level: 'info',
  timestamp: '2020-12-08T12:24:36.365Z'
}
{ level: 'error', timestamp: '2020-12-08T12:24:51.218Z' }
{
  message: 'PATCH /back/users 500 21 - 35.160 ms\n',
  level: 'info',
  timestamp: '2020-12-08T12:24:51.221Z'
}
{ level: 'error', timestamp: '2020-12-08T12:24:52.362Z' }
{
  message: 'PATCH /back/users 500 21 - 35.571 ms\n',
  level: 'info',
  timestamp: '2020-12-08T12:24:52.364Z'
}
{ level: 'error', timestamp: '2020-12-08T12:24:52.690Z' }
{
  message: 'PATCH /back/users 500 21 - 34.234 ms\n',
  level: 'info',
  timestamp: '2020-12-08T12:24:52.693Z'
}
{ level: 'error', timestamp: '2020-12-08T12:24:52.914Z' }
{
  message: 'PATCH /back/users 500 21 - 42.661 ms\n',
  level: 'info',
  timestamp: '2020-12-08T12:24:52.925Z'
}
{ level: 'error', timestamp: '2020-12-08T12:24:53.138Z' }
{
  message: 'PATCH /back/users 500 21 - 36.891 ms\n',
  level: 'info',
  timestamp: '2020-12-08T12:24:53.141Z'
}
{
  message: 'PATCH /back/users 200 43 - 83.196 ms\n',
  level: 'info',
  timestamp: '2020-12-08T12:25:10.219Z'
}
{
  message: 'POST /back/login 200 305 - 64.248 ms\n',
  level: 'info',
  timestamp: '2020-12-08T12:25:19.496Z'
}
{
  message: 'POST /back/login 401 25 - 31.802 ms\n',
  level: 'info',
  timestamp: '2020-12-08T12:32:32.947Z'
}
{
  message: 'POST /back/login 400 103 - 1.127 ms\n',
  level: 'info',
  timestamp: '2020-12-08T15:21:21.834Z'
}
{
  message: 'POST /back/login 400 89 - 1.016 ms\n',
  level: 'info',
  timestamp: '2020-12-08T15:30:23.585Z'
}
{
  message: 'PATCH /back/users 400 86 - 0.674 ms\n',
  level: 'info',
  timestamp: '2020-12-08T15:30:54.872Z'
}
{ level: 'error', timestamp: '2020-12-08T15:31:09.780Z' }
{
  message: 'PATCH /back/users 500 21 - 37.407 ms\n',
  level: 'info',
  timestamp: '2020-12-08T15:31:09.783Z'
}
{ level: 'error', timestamp: '2020-12-08T15:33:19.631Z' }
{
  message: 'PATCH /back/users 500 21 - 37.129 ms\n',
  level: 'info',
  timestamp: '2020-12-08T15:33:19.633Z'
}
{
  message: 'POST /back/login 401 25 - 34.087 ms\n',
  level: 'info',
  timestamp: '2020-12-08T15:40:42.688Z'
}
{
  message: 'POST /back/login 401 25 - 31.877 ms\n',
  level: 'info',
  timestamp: '2020-12-08T15:40:52.401Z'
}
{
  message: 'POST /back/login 200 305 - 65.980 ms\n',
  level: 'info',
  timestamp: '2020-12-08T15:41:08.935Z'
}
{
  message: 'GET /back/posts 200 7201 - 37.291 ms\n',
  level: 'info',
  timestamp: '2020-12-08T15:41:15.328Z'
}
{
  message: 'GET /back/posts 200 7201 - 33.235 ms\n',
  level: 'info',
  timestamp: '2020-12-08T15:41:15.402Z'
}
{
  message: 'PUT /back/posts/12 200 14 - 48.851 ms\n',
  level: 'info',
  timestamp: '2020-12-08T15:41:23.778Z'
}
{
  message: 'GET /back/posts 200 7201 - 34.380 ms\n',
  level: 'info',
  timestamp: '2020-12-08T15:41:23.838Z'
}
{
  message: 'PUT /back/posts/12 200 27 - 35.507 ms\n',
  level: 'info',
  timestamp: '2020-12-08T15:41:24.827Z'
}
{
  message: 'GET /back/posts 200 7201 - 38.647 ms\n',
  level: 'info',
  timestamp: '2020-12-08T15:41:24.882Z'
}
{
  message: 'PUT /back/posts/12 200 39 - 35.361 ms\n',
  level: 'info',
  timestamp: '2020-12-08T15:41:37.688Z'
}
{
  message: 'GET /back/posts 304 - - 72.269 ms\n',
  level: 'info',
  timestamp: '2020-12-08T15:41:37.729Z'
}
{
  message: 'POST /back/posts/ 200 40 - 76.834 ms\n',
  level: 'info',
  timestamp: '2020-12-08T15:41:37.731Z'
}
{
  message: 'GET /back/posts 200 7231 - 32.574 ms\n',
  level: 'info',
  timestamp: '2020-12-08T15:41:37.799Z'
}
{ level: 'error', timestamp: '2020-12-08T16:15:13.504Z' }
{
  message: 'PATCH /back/users 500 21 - 81.689 ms\n',
  level: 'info',
  timestamp: '2020-12-08T16:15:13.510Z'
}
{
  message: 'POST /back/login 401 25 - 32.886 ms\n',
  level: 'info',
  timestamp: '2020-12-08T16:15:20.590Z'
}
{
  message: 'POST /back/login 200 305 - 68.008 ms\n',
  level: 'info',
  timestamp: '2020-12-08T16:15:27.957Z'
}
{
  message: 'GET /back/posts 200 7231 - 34.164 ms\n',
  level: 'info',
  timestamp: '2020-12-08T16:15:33.492Z'
}
{
  message: 'GET /back/posts 200 7231 - 37.565 ms\n',
  level: 'info',
  timestamp: '2020-12-08T16:15:33.572Z'
}
{ level: 'error', timestamp: '2020-12-08T16:15:42.270Z' }
{
  message: 'PUT /back/posts/2 500 21 - 2.208 ms\n',
  level: 'info',
  timestamp: '2020-12-08T16:15:42.271Z'
}
{
  message: 'PUT /back/posts/3 200 27 - 32.818 ms\n',
  level: 'info',
  timestamp: '2020-12-08T16:15:59.790Z'
}
{
  message: 'GET /back/posts 200 7231 - 31.980 ms\n',
  level: 'info',
  timestamp: '2020-12-08T16:15:59.837Z'
}
{ level: 'error', timestamp: '2020-12-08T16:16:01.160Z' }
{
  message: 'PUT /back/posts/3 500 21 - 1.349 ms\n',
  level: 'info',
  timestamp: '2020-12-08T16:16:01.161Z'
}
{
  message: 'GET /back/posts 500 13 - 2.012 ms\n',
  level: 'info',
  timestamp: '2020-12-08T16:16:35.048Z'
}
{
  message: 'GET /back/users?withRoles=true 500 13 - 0.331 ms\n',
  level: 'info',
  timestamp: '2020-12-08T16:16:40.194Z'
}
{
  message: 'GET /back/posts 500 13 - 0.482 ms\n',
  level: 'info',
  timestamp: '2020-12-08T16:16:40.926Z'
}
{
  message: 'POST /back/login 200 305 - 106.666 ms\n',
  level: 'info',
  timestamp: '2020-12-08T16:16:45.876Z'
}
{
  message: 'GET /back/posts 200 7231 - 35.658 ms\n',
  level: 'info',
  timestamp: '2020-12-08T16:16:47.894Z'
}
{
  message: 'GET /back/posts 200 7231 - 33.658 ms\n',
  level: 'info',
  timestamp: '2020-12-08T16:16:47.974Z'
}
{ level: 'error', timestamp: '2020-12-08T16:16:49.955Z' }
{
  message: 'PUT /back/posts/2 500 21 - 2.434 ms\n',
  level: 'info',
  timestamp: '2020-12-08T16:16:49.957Z'
}
{
  message: 'POST /back/login 200 305 - 118.267 ms\n',
  level: 'info',
  timestamp: '2020-12-08T16:25:14.324Z'
}
{
  message: 'GET /back/posts 304 - - 39.470 ms\n',
  level: 'info',
  timestamp: '2020-12-08T16:25:17.587Z'
}
{
  message: 'GET /back/posts 304 - - 35.456 ms\n',
  level: 'info',
  timestamp: '2020-12-08T16:25:17.669Z'
}
{
  message: 'PUT /back/posts/3 200 14 - 35.993 ms\n',
  level: 'info',
  timestamp: '2020-12-08T16:25:21.474Z'
}
{
  message: 'GET /back/posts 200 7231 - 34.636 ms\n',
  level: 'info',
  timestamp: '2020-12-08T16:25:21.522Z'
}
{
  message: 'POST /back/login 200 305 - 113.671 ms\n',
  level: 'info',
  timestamp: '2020-12-08T16:27:01.755Z'
}
{
  message: 'GET /back/posts 304 - - 33.433 ms\n',
  level: 'info',
  timestamp: '2020-12-08T16:27:04.011Z'
}
{
  message: 'GET /back/posts 304 - - 32.932 ms\n',
  level: 'info',
  timestamp: '2020-12-08T16:27:04.075Z'
}
{
  message: 'PUT /back/posts/2 200 14 - 36.390 ms\n',
  level: 'info',
  timestamp: '2020-12-08T16:27:15.324Z'
}
{
  message: 'GET /back/posts 200 7231 - 32.209 ms\n',
  level: 'info',
  timestamp: '2020-12-08T16:27:15.372Z'
}
{
  message: 'PUT /back/posts/1 200 14 - 38.389 ms\n',
  level: 'info',
  timestamp: '2020-12-08T16:27:38.251Z'
}
{
  message: 'GET /back/posts 200 7231 - 37.338 ms\n',
  level: 'info',
  timestamp: '2020-12-08T16:27:38.317Z'
}
{
  message: 'POST /back/login 200 305 - 109.992 ms\n',
  level: 'info',
  timestamp: '2020-12-08T16:34:23.663Z'
}
{
  message: 'GET /back/posts 200 7231 - 33.016 ms\n',
  level: 'info',
  timestamp: '2020-12-08T16:34:25.776Z'
}
{
  message: 'GET /back/posts 200 7231 - 34.910 ms\n',
  level: 'info',
  timestamp: '2020-12-08T16:34:25.848Z'
}
{
  message: 'PUT /back/posts/12 200 14 - 36.434 ms\n',
  level: 'info',
  timestamp: '2020-12-08T16:34:28.893Z'
}
{
  message: 'GET /back/posts 200 7231 - 39.532 ms\n',
  level: 'info',
  timestamp: '2020-12-08T16:34:28.953Z'
}
{
  message: 'POST /back/login 200 305 - 113.851 ms\n',
  level: 'info',
  timestamp: '2020-12-08T16:54:21.696Z'
}
{
  message: 'GET /back/posts 200 7231 - 40.090 ms\n',
  level: 'info',
  timestamp: '2020-12-08T16:54:24.938Z'
}
{
  message: 'GET /back/posts 200 7231 - 33.922 ms\n',
  level: 'info',
  timestamp: '2020-12-08T16:54:25.009Z'
}
{
  message: 'PUT /back/posts/14 200 14 - 47.466 ms\n',
  level: 'info',
  timestamp: '2020-12-08T16:54:31.912Z'
}
{
  message: 'GET /back/posts 200 7231 - 35.572 ms\n',
  level: 'info',
  timestamp: '2020-12-08T16:54:31.970Z'
}
{
  message: 'POST /back/login 200 305 - 109.645 ms\n',
  level: 'info',
  timestamp: '2020-12-08T16:55:08.005Z'
}
{
  message: 'GET /back/posts 200 7231 - 37.044 ms\n',
  level: 'info',
  timestamp: '2020-12-08T16:55:19.333Z'
}
{
  message: 'GET /back/posts 200 7231 - 33.697 ms\n',
  level: 'info',
  timestamp: '2020-12-08T16:55:19.407Z'
}
{
  message: 'PUT /back/posts/19 200 14 - 71.492 ms\n',
  level: 'info',
  timestamp: '2020-12-08T16:55:25.699Z'
}
{
  message: 'GET /back/posts 200 7231 - 35.913 ms\n',
  level: 'info',
  timestamp: '2020-12-08T16:55:25.767Z'
}
{
  message: 'PUT /back/posts/20 200 14 - 90.171 ms\n',
  level: 'info',
  timestamp: '2020-12-08T16:56:24.743Z'
}
{
  message: 'GET /back/posts 200 7231 - 36.373 ms\n',
  level: 'info',
  timestamp: '2020-12-08T16:56:24.853Z'
}
{
  message: 'POST /back/login 200 305 - 70.371 ms\n',
  level: 'info',
  timestamp: '2020-12-08T16:56:43.694Z'
}
{
  message: 'GET /back/posts 200 7231 - 35.020 ms\n',
  level: 'info',
  timestamp: '2020-12-08T16:56:46.429Z'
}
{
  message: 'GET /back/posts 200 7231 - 34.315 ms\n',
  level: 'info',
  timestamp: '2020-12-08T16:56:46.501Z'
}
{
  message: 'PUT /back/posts/21 200 14 - 37.249 ms\n',
  level: 'info',
  timestamp: '2020-12-08T16:56:54.212Z'
}
{
  message: 'GET /back/posts 200 7231 - 35.255 ms\n',
  level: 'info',
  timestamp: '2020-12-08T16:56:54.277Z'
}
{
  message: 'GET /back/users/2 500 13 - 2.198 ms\n',
  level: 'info',
  timestamp: '2020-12-08T17:08:40.638Z'
}
{
  message: 'GET /back/users/2 500 13 - 3.391 ms\n',
  level: 'info',
  timestamp: '2020-12-08T17:10:19.817Z'
}
{
  message: 'POST /back/login 200 305 - 112.377 ms\n',
  level: 'info',
  timestamp: '2020-12-08T17:10:45.016Z'
}
{
  message: 'GET /back/posts 304 - - 33.618 ms\n',
  level: 'info',
  timestamp: '2020-12-08T17:10:50.261Z'
}
{
  message: 'GET /back/posts 304 - - 33.296 ms\n',
  level: 'info',
  timestamp: '2020-12-08T17:10:50.325Z'
}
{
  code: 'ER_BAD_FIELD_ERROR',
  errno: 1054,
  sqlMessage: "Unknown column 'undefined' in 'where clause'",
  sqlState: '42S22',
  index: 0,
  sql: 'SELECT  name,mail,pass,ip_address,role_id,id FROM user where id= undefined',
  level: 'error',
  timestamp: '2020-12-08T17:10:55.424Z'
}
{
  message: 'PUT /back/posts/18 500 21 - 79.685 ms\n',
  level: 'info',
  timestamp: '2020-12-08T17:10:55.427Z'
}
{
  message: 'POST /back/login 200 305 - 109.033 ms\n',
  level: 'info',
  timestamp: '2020-12-08T17:18:16.346Z'
}
{
  message: 'GET /back/posts 200 7231 - 36.147 ms\n',
  level: 'info',
  timestamp: '2020-12-08T17:18:19.632Z'
}
{
  message: 'GET /back/posts 304 - - 32.326 ms\n',
  level: 'info',
  timestamp: '2020-12-08T17:18:19.695Z'
}
{
  code: 'ER_BAD_FIELD_ERROR',
  errno: 1054,
  sqlMessage: "Unknown column 'undefined' in 'where clause'",
  sqlState: '42S22',
  index: 0,
  sql: 'SELECT  name,mail,pass,ip_address,role_id,id FROM user where id= undefined',
  level: 'error',
  timestamp: '2020-12-08T17:18:26.594Z'
}
{
  message: 'PUT /back/posts/17 500 21 - 107.592 ms\n',
  level: 'info',
  timestamp: '2020-12-08T17:18:26.597Z'
}
{
  message: 'GET /back/posts 500 13 - 0.438 ms\n',
  level: 'info',
  timestamp: '2020-12-08T17:25:26.148Z'
}
{
  message: 'GET /back/posts 500 13 - 0.450 ms\n',
  level: 'info',
  timestamp: '2020-12-08T17:25:26.499Z'
}
{
  message: 'POST /back/login 200 305 - 110.226 ms\n',
  level: 'info',
  timestamp: '2020-12-08T17:26:05.456Z'
}
{
  message: 'GET /back/posts 200 7231 - 36.037 ms\n',
  level: 'info',
  timestamp: '2020-12-08T17:26:08.942Z'
}
{
  message: 'GET /back/posts 200 7231 - 33.669 ms\n',
  level: 'info',
  timestamp: '2020-12-08T17:26:09.011Z'
}
{
  message: 'PUT /back/posts/26 200 14 - 73.311 ms\n',
  level: 'info',
  timestamp: '2020-12-08T17:26:19.462Z'
}
{
  message: 'GET /back/posts 200 7231 - 35.433 ms\n',
  level: 'info',
  timestamp: '2020-12-08T17:26:19.518Z'
}
{
  message: 'POST /back/login 200 305 - 125.319 ms\n',
  level: 'info',
  timestamp: '2020-12-08T17:27:59.071Z'
}
{
  message: 'GET /back/posts 200 7231 - 35.154 ms\n',
  level: 'info',
  timestamp: '2020-12-08T17:28:01.277Z'
}
{
  message: 'GET /back/posts 200 7231 - 33.752 ms\n',
  level: 'info',
  timestamp: '2020-12-08T17:28:01.348Z'
}
{ level: 'error', timestamp: '2020-12-08T17:28:04.734Z' }
{
  message: 'PUT /back/posts/1 500 21 - 2.568 ms\n',
  level: 'info',
  timestamp: '2020-12-08T17:28:04.736Z'
}
{ level: 'error', timestamp: '2020-12-08T17:28:05.698Z' }
{
  message: 'PUT /back/posts/2 500 21 - 1.639 ms\n',
  level: 'info',
  timestamp: '2020-12-08T17:28:05.699Z'
}
{ level: 'error', timestamp: '2020-12-08T17:28:13.028Z' }
{
  message: 'PUT /back/posts/1 500 21 - 1.579 ms\n',
  level: 'info',
  timestamp: '2020-12-08T17:28:13.030Z'
}
{ level: 'error', timestamp: '2020-12-08T17:28:13.957Z' }
{
  message: 'PUT /back/posts/2 500 21 - 1.305 ms\n',
  level: 'info',
  timestamp: '2020-12-08T17:28:13.958Z'
}
{ level: 'error', timestamp: '2020-12-08T17:28:15.165Z' }
{
  message: 'PUT /back/posts/3 500 21 - 1.289 ms\n',
  level: 'info',
  timestamp: '2020-12-08T17:28:15.166Z'
}
{ level: 'error', timestamp: '2020-12-08T17:28:15.894Z' }
{
  message: 'PUT /back/posts/11 500 21 - 1.229 ms\n',
  level: 'info',
  timestamp: '2020-12-08T17:28:15.895Z'
}
{
  message: 'POST /back/login 200 305 - 70.237 ms\n',
  level: 'info',
  timestamp: '2020-12-08T17:28:45.650Z'
}
{
  message: 'GET /back/posts 200 7231 - 35.570 ms\n',
  level: 'info',
  timestamp: '2020-12-08T17:28:47.745Z'
}
{
  message: 'GET /back/posts 200 7231 - 32.434 ms\n',
  level: 'info',
  timestamp: '2020-12-08T17:28:47.817Z'
}
{
  message: 'PUT /back/posts/15 200 14 - 74.422 ms\n',
  level: 'info',
  timestamp: '2020-12-08T17:28:51.489Z'
}
{
  message: 'GET /back/posts 200 7231 - 33.059 ms\n',
  level: 'info',
  timestamp: '2020-12-08T17:28:51.549Z'
}
{
  message: 'POST /back/login 200 305 - 113.893 ms\n',
  level: 'info',
  timestamp: '2020-12-08T17:41:01.928Z'
}
{
  message: 'GET /back/posts 200 7231 - 39.118 ms\n',
  level: 'info',
  timestamp: '2020-12-08T17:41:05.866Z'
}
{
  message: 'GET /back/posts 200 7231 - 35.187 ms\n',
  level: 'info',
  timestamp: '2020-12-08T17:41:05.937Z'
}
{
  message: 'PUT /back/posts/16 200 14 - 73.951 ms\n',
  level: 'info',
  timestamp: '2020-12-08T17:41:39.170Z'
}
{
  message: 'GET /back/posts 200 7231 - 34.856 ms\n',
  level: 'info',
  timestamp: '2020-12-08T17:41:39.236Z'
}
{
  message: 'POST /back/login 200 305 - 117.473 ms\n',
  level: 'info',
  timestamp: '2020-12-08T17:42:43.243Z'
}
{
  message: 'GET /back/posts 200 7231 - 35.120 ms\n',
  level: 'info',
  timestamp: '2020-12-08T17:42:45.764Z'
}
{
  message: 'GET /back/posts 200 7231 - 35.160 ms\n',
  level: 'info',
  timestamp: '2020-12-08T17:42:45.835Z'
}
{
  message: 'PUT /back/posts/30 200 14 - 73.644 ms\n',
  level: 'info',
  timestamp: '2020-12-08T17:42:52.831Z'
}
{
  message: 'GET /back/posts 200 7231 - 31.676 ms\n',
  level: 'info',
  timestamp: '2020-12-08T17:42:52.891Z'
}
{
  message: 'GET /back/posts 500 13 - 0.388 ms\n',
  level: 'info',
  timestamp: '2020-12-08T17:46:19.082Z'
}
{
  message: 'GET /back/posts 500 13 - 0.256 ms\n',
  level: 'info',
  timestamp: '2020-12-08T17:46:19.175Z'
}
{
  message: 'POST /back/login 200 305 - 109.979 ms\n',
  level: 'info',
  timestamp: '2020-12-08T17:46:51.680Z'
}
{
  message: 'GET /back/posts 200 7231 - 33.280 ms\n',
  level: 'info',
  timestamp: '2020-12-08T17:46:54.325Z'
}
{
  message: 'GET /back/posts 200 7231 - 35.146 ms\n',
  level: 'info',
  timestamp: '2020-12-08T17:46:54.397Z'
}
{
  message: 'PUT /back/posts/31 200 14 - 89.630 ms\n',
  level: 'info',
  timestamp: '2020-12-08T17:46:59.339Z'
}
{
  message: 'GET /back/posts 200 7231 - 34.889 ms\n',
  level: 'info',
  timestamp: '2020-12-08T17:46:59.413Z'
}
{
  message: 'POST /back/login 200 305 - 126.043 ms\n',
  level: 'info',
  timestamp: '2020-12-08T17:54:44.313Z'
}
{
  message: 'GET /back/posts 200 7231 - 36.315 ms\n',
  level: 'info',
  timestamp: '2020-12-08T17:54:46.948Z'
}
{
  message: 'GET /back/posts 200 7231 - 34.037 ms\n',
  level: 'info',
  timestamp: '2020-12-08T17:54:47.020Z'
}
{
  message: 'PUT /back/posts/32 200 14 - 84.145 ms\n',
  level: 'info',
  timestamp: '2020-12-08T17:54:53.504Z'
}
{
  message: 'GET /back/posts 200 7231 - 38.703 ms\n',
  level: 'info',
  timestamp: '2020-12-08T17:54:53.583Z'
}
{
  message: 'POST /back/login 200 305 - 112.141 ms\n',
  level: 'info',
  timestamp: '2020-12-08T18:01:24.286Z'
}
{
  message: 'GET /back/posts 200 7231 - 36.257 ms\n',
  level: 'info',
  timestamp: '2020-12-08T18:01:29.325Z'
}
{
  message: 'GET /back/posts 200 7231 - 34.099 ms\n',
  level: 'info',
  timestamp: '2020-12-08T18:01:29.404Z'
}
{
  message: 'PUT /back/posts/36 200 14 - 69.085 ms\n',
  level: 'info',
  timestamp: '2020-12-08T18:01:36.511Z'
}
{
  message: 'GET /back/posts 200 7253 - 33.247 ms\n',
  level: 'info',
  timestamp: '2020-12-08T18:01:36.572Z'
}
{
  message: 'POST /back/login 200 305 - 122.993 ms\n',
  level: 'info',
  timestamp: '2020-12-08T18:30:17.989Z'
}
{
  message: 'GET /back/users?withRoles=true 200 1787 - 37.185 ms\n',
  level: 'info',
  timestamp: '2020-12-08T18:30:21.814Z'
}
{
  message: 'GET /back/users?withRoles=true 200 1787 - 38.273 ms\n',
  level: 'info',
  timestamp: '2020-12-08T18:30:21.876Z'
}
{
  message: 'GET /back/users/roles 200 101 - 38.223 ms\n',
  level: 'info',
  timestamp: '2020-12-08T18:30:24.356Z'
}
{
  message: 'GET /back/users?withRoles=true 200 1787 - 35.084 ms\n',
  level: 'info',
  timestamp: '2020-12-08T18:37:39.879Z'
}
{
  message: 'GET /back/users?withRoles=true 200 1787 - 36.989 ms\n',
  level: 'info',
  timestamp: '2020-12-08T18:37:39.939Z'
}
{
  message: 'GET /back/posts 200 7253 - 32.690 ms\n',
  level: 'info',
  timestamp: '2020-12-08T18:37:42.536Z'
}
{
  message: 'GET /back/posts 200 7253 - 32.809 ms\n',
  level: 'info',
  timestamp: '2020-12-08T18:37:42.608Z'
}
{
  message: 'GET /back/users?withRoles=true 200 1787 - 37.879 ms\n',
  level: 'info',
  timestamp: '2020-12-08T18:38:19.428Z'
}
{
  message: 'GET /back/users?withRoles=true 200 1787 - 34.745 ms\n',
  level: 'info',
  timestamp: '2020-12-08T18:38:19.484Z'
}
{
  message: 'GET /back/users?withRoles=true 200 1787 - 32.926 ms\n',
  level: 'info',
  timestamp: '2020-12-08T18:38:28.204Z'
}
{
  message: 'GET /back/users?withRoles=true 200 1787 - 32.607 ms\n',
  level: 'info',
  timestamp: '2020-12-08T18:38:28.260Z'
}
{
  message: 'GET /back/users?withRoles=true 500 13 - 1.458 ms\n',
  level: 'info',
  timestamp: '2020-12-08T19:40:12.619Z'
}
{
  message: 'GET /back/users?withRoles=true 500 13 - 0.439 ms\n',
  level: 'info',
  timestamp: '2020-12-08T19:40:12.742Z'
}
{
  message: 'GET /back/users?withRoles=true 500 13 - 0.464 ms\n',
  level: 'info',
  timestamp: '2020-12-08T19:48:58.277Z'
}
{
  message: 'POST /back/login 200 305 - 71.775 ms\n',
  level: 'info',
  timestamp: '2020-12-08T19:49:09.232Z'
}
{
  message: 'GET /back/users?withRoles=true 500 13 - 0.215 ms\n',
  level: 'info',
  timestamp: '2020-12-08T19:49:32.370Z'
}
{
  message: 'GET /back/users?withRoles=true 500 13 - 1.536 ms\n',
  level: 'info',
  timestamp: '2020-12-08T20:58:00.268Z'
}
{
  message: 'GET /back/users?withRoles=true 500 13 - 0.250 ms\n',
  level: 'info',
  timestamp: '2020-12-08T20:59:29.652Z'
}
{
  message: 'POST /back/login 200 305 - 123.497 ms\n',
  level: 'info',
  timestamp: '2020-12-08T22:41:20.965Z'
}
{
  message: 'POST /back/login 200 305 - 83.135 ms\n',
  level: 'info',
  timestamp: '2020-12-08T22:54:06.139Z'
}
{
  message: 'GET /back/posts 200 7253 - 46.673 ms\n',
  level: 'info',
  timestamp: '2020-12-08T22:54:10.719Z'
}
{
  message: 'GET /back/posts 200 7253 - 38.844 ms\n',
  level: 'info',
  timestamp: '2020-12-08T22:54:10.811Z'
}
