{
  message: 'POST /back/login 200 305 - 79.423 ms\n',
  level: 'info',
  timestamp: '2020-12-08T23:21:07.948Z'
}
{
  message: 'GET /back/posts 304 - - 37.698 ms\n',
  level: 'info',
  timestamp: '2020-12-08T23:21:10.086Z'
}
{
  message: 'GET /back/posts 304 - - 41.104 ms\n',
  level: 'info',
  timestamp: '2020-12-08T23:21:10.157Z'
}
{
  message: 'PUT /back/posts/2 200 27 - 2.384 ms\n',
  level: 'info',
  timestamp: '2020-12-08T23:21:13.780Z'
}
{
  message: 'GET /back/posts 304 - - 41.912 ms\n',
  level: 'info',
  timestamp: '2020-12-08T23:21:13.836Z'
}
{
  message: 'PUT /back/posts/3 200 27 - 0.623 ms\n',
  level: 'info',
  timestamp: '2020-12-08T23:21:15.554Z'
}
{
  message: 'GET /back/posts 304 - - 42.153 ms\n',
  level: 'info',
  timestamp: '2020-12-08T23:21:15.608Z'
}
{
  message: 'PUT /back/posts/11 200 27 - 0.629 ms\n',
  level: 'info',
  timestamp: '2020-12-08T23:21:16.613Z'
}
{
  message: 'GET /back/posts 304 - - 44.103 ms\n',
  level: 'info',
  timestamp: '2020-12-08T23:21:16.669Z'
}
{
  message: 'PUT /back/posts/12 200 14 - 91.012 ms\n',
  level: 'info',
  timestamp: '2020-12-08T23:21:17.730Z'
}
{
  message: 'GET /back/posts 200 7253 - 48.251 ms\n',
  level: 'info',
  timestamp: '2020-12-08T23:21:17.788Z'
}
{
  message: 'PUT /back/posts/12 200 27 - 0.593 ms\n',
  level: 'info',
  timestamp: '2020-12-08T23:21:18.250Z'
}
{
  message: 'GET /back/posts 304 - - 45.494 ms\n',
  level: 'info',
  timestamp: '2020-12-08T23:21:18.309Z'
}
{
  message: 'PUT /back/posts/12 200 14 - 124.404 ms\n',
  level: 'info',
  timestamp: '2020-12-08T23:21:19.004Z'
}
{
  message: 'GET /back/posts 200 7253 - 40.926 ms\n',
  level: 'info',
  timestamp: '2020-12-08T23:21:19.055Z'
}
{
  message: 'PUT /back/posts/1 200 27 - 1.149 ms\n',
  level: 'info',
  timestamp: '2020-12-08T23:21:21.869Z'
}
{
  message: 'GET /back/posts 304 - - 41.460 ms\n',
  level: 'info',
  timestamp: '2020-12-08T23:21:21.931Z'
}
{
  message: 'PUT /back/posts/1 200 14 - 80.511 ms\n',
  level: 'info',
  timestamp: '2020-12-08T23:21:22.803Z'
}
{
  message: 'GET /back/posts 200 7253 - 42.137 ms\n',
  level: 'info',
  timestamp: '2020-12-08T23:21:22.864Z'
}
{
  message: 'PUT /back/posts/1 200 27 - 0.581 ms\n',
  level: 'info',
  timestamp: '2020-12-08T23:21:25.889Z'
}
{
  message: 'GET /back/posts 304 - - 41.063 ms\n',
  level: 'info',
  timestamp: '2020-12-08T23:21:25.948Z'
}
{
  message: 'PUT /back/posts/1 200 14 - 82.574 ms\n',
  level: 'info',
  timestamp: '2020-12-08T23:21:27.392Z'
}
{
  message: 'GET /back/posts 200 7253 - 41.151 ms\n',
  level: 'info',
  timestamp: '2020-12-08T23:21:27.451Z'
}
{
  message: 'PUT /back/posts/34 200 27 - 0.566 ms\n',
  level: 'info',
  timestamp: '2020-12-08T23:21:30.172Z'
}
{
  message: 'GET /back/posts 304 - - 42.950 ms\n',
  level: 'info',
  timestamp: '2020-12-08T23:21:30.232Z'
}
{
  message: 'PUT /back/posts/35 200 14 - 79.913 ms\n',
  level: 'info',
  timestamp: '2020-12-08T23:21:32.403Z'
}
{
  message: 'GET /back/posts 200 7253 - 40.702 ms\n',
  level: 'info',
  timestamp: '2020-12-08T23:21:32.464Z'
}
{
  message: 'PUT /back/posts/32 200 27 - 0.482 ms\n',
  level: 'info',
  timestamp: '2020-12-08T23:21:35.108Z'
}
{
  message: 'GET /back/posts 304 - - 42.385 ms\n',
  level: 'info',
  timestamp: '2020-12-08T23:21:35.168Z'
}
{
  message: 'PUT /back/posts/32 200 27 - 0.582 ms\n',
  level: 'info',
  timestamp: '2020-12-08T23:21:35.836Z'
}
{
  message: 'GET /back/posts 304 - - 39.581 ms\n',
  level: 'info',
  timestamp: '2020-12-08T23:21:35.891Z'
}
{
  message: 'PUT /back/posts/35 200 27 - 0.485 ms\n',
  level: 'info',
  timestamp: '2020-12-08T23:21:36.970Z'
}
{
  message: 'GET /back/posts 304 - - 41.426 ms\n',
  level: 'info',
  timestamp: '2020-12-08T23:21:37.028Z'
}
{
  message: 'PUT /back/posts/36 200 27 - 0.539 ms\n',
  level: 'info',
  timestamp: '2020-12-08T23:21:38.009Z'
}
{
  message: 'GET /back/posts 304 - - 40.561 ms\n',
  level: 'info',
  timestamp: '2020-12-08T23:21:38.068Z'
}
{
  message: 'PUT /back/posts/36 200 14 - 80.446 ms\n',
  level: 'info',
  timestamp: '2020-12-08T23:21:38.963Z'
}
{
  message: 'GET /back/posts 200 7253 - 42.189 ms\n',
  level: 'info',
  timestamp: '2020-12-08T23:21:39.024Z'
}
{
  message: 'PUT /back/posts/36 200 27 - 0.561 ms\n',
  level: 'info',
  timestamp: '2020-12-08T23:21:39.894Z'
}
{
  message: 'GET /back/posts 304 - - 40.871 ms\n',
  level: 'info',
  timestamp: '2020-12-08T23:21:39.952Z'
}
{
  message: 'PUT /back/posts/36 200 27 - 0.599 ms\n',
  level: 'info',
  timestamp: '2020-12-08T23:21:40.326Z'
}
{
  message: 'GET /back/posts 304 - - 42.256 ms\n',
  level: 'info',
  timestamp: '2020-12-08T23:21:40.384Z'
}
{
  message: 'PUT /back/posts/36 200 27 - 1.006 ms\n',
  level: 'info',
  timestamp: '2020-12-08T23:21:40.592Z'
}
{
  message: 'GET /back/posts 304 - - 39.404 ms\n',
  level: 'info',
  timestamp: '2020-12-08T23:21:40.648Z'
}
{
  message: 'PUT /back/posts/39 200 27 - 0.508 ms\n',
  level: 'info',
  timestamp: '2020-12-08T23:21:42.404Z'
}
{
  message: 'GET /back/posts 304 - - 42.226 ms\n',
  level: 'info',
  timestamp: '2020-12-08T23:21:42.464Z'
}
{
  message: 'PUT /back/posts/39 200 14 - 80.266 ms\n',
  level: 'info',
  timestamp: '2020-12-08T23:21:43.375Z'
}
{
  message: 'GET /back/posts 200 7253 - 40.036 ms\n',
  level: 'info',
  timestamp: '2020-12-08T23:21:43.431Z'
}
{
  message: 'PUT /back/posts/39 200 27 - 0.550 ms\n',
  level: 'info',
  timestamp: '2020-12-08T23:21:44.071Z'
}
{
  message: 'GET /back/posts 304 - - 39.510 ms\n',
  level: 'info',
  timestamp: '2020-12-08T23:21:44.128Z'
}
{
  message: 'PUT /back/posts/39 200 27 - 0.555 ms\n',
  level: 'info',
  timestamp: '2020-12-08T23:21:44.605Z'
}
{
  message: 'GET /back/posts 304 - - 150.423 ms\n',
  level: 'info',
  timestamp: '2020-12-08T23:21:44.773Z'
}
{
  message: 'PUT /back/posts/39 200 27 - 0.935 ms\n',
  level: 'info',
  timestamp: '2020-12-08T23:21:45.108Z'
}
{
  message: 'GET /back/posts 304 - - 41.678 ms\n',
  level: 'info',
  timestamp: '2020-12-08T23:21:45.164Z'
}
{
  message: 'POST /back/login 200 2 - 1.286 ms\n',
  level: 'info',
  timestamp: '2020-12-08T23:26:28.381Z'
}
{
  message: 'POST /back/login 200 305 - 83.460 ms\n',
  level: 'info',
  timestamp: '2020-12-08T23:32:38.999Z'
}
{
  message: 'GET /back/posts 304 - - 41.589 ms\n',
  level: 'info',
  timestamp: '2020-12-08T23:32:41.247Z'
}
{
  message: 'GET /back/posts 304 - - 44.780 ms\n',
  level: 'info',
  timestamp: '2020-12-08T23:32:41.327Z'
}
{
  message: 'PUT /back/posts/1 200 27 - 0.481 ms\n',
  level: 'info',
  timestamp: '2020-12-08T23:32:43.014Z'
}
{
  message: 'GET /back/posts 304 - - 41.732 ms\n',
  level: 'info',
  timestamp: '2020-12-08T23:32:43.067Z'
}
{
  message: 'PUT /back/posts/2 200 27 - 0.539 ms\n',
  level: 'info',
  timestamp: '2020-12-08T23:32:43.896Z'
}
{
  message: 'GET /back/posts 304 - - 41.534 ms\n',
  level: 'info',
  timestamp: '2020-12-08T23:32:43.947Z'
}
{
  message: 'PUT /back/posts/2 200 27 - 0.468 ms\n',
  level: 'info',
  timestamp: '2020-12-08T23:32:44.318Z'
}
{
  message: 'GET /back/posts 304 - - 38.589 ms\n',
  level: 'info',
  timestamp: '2020-12-08T23:32:44.367Z'
}
{
  message: 'PUT /back/posts/3 200 27 - 0.457 ms\n',
  level: 'info',
  timestamp: '2020-12-08T23:32:44.776Z'
}
{
  message: 'GET /back/posts 304 - - 39.944 ms\n',
  level: 'info',
  timestamp: '2020-12-08T23:32:44.824Z'
}
{
  message: 'PUT /back/posts/37 200 14 - 80.921 ms\n',
  level: 'info',
  timestamp: '2020-12-08T23:32:49.996Z'
}
{
  message: 'GET /back/posts 200 7275 - 40.017 ms\n',
  level: 'info',
  timestamp: '2020-12-08T23:32:50.058Z'
}
{
  message: 'PUT /back/posts/37 200 27 - 0.468 ms\n',
  level: 'info',
  timestamp: '2020-12-08T23:32:51.459Z'
}
{
  message: 'GET /back/posts 304 - - 59.243 ms\n',
  level: 'info',
  timestamp: '2020-12-08T23:32:51.534Z'
}
{
  message: 'PUT /back/posts/37 200 27 - 0.557 ms\n',
  level: 'info',
  timestamp: '2020-12-08T23:32:52.614Z'
}
{
  message: 'GET /back/posts 304 - - 39.134 ms\n',
  level: 'info',
  timestamp: '2020-12-08T23:32:52.672Z'
}
{
  message: 'PUT /back/posts/30 200 27 - 89.613 ms\n',
  level: 'info',
  timestamp: '2020-12-08T23:34:07.372Z'
}
{
  message: 'GET /back/posts 200 7275 - 40.642 ms\n',
  level: 'info',
  timestamp: '2020-12-08T23:34:07.462Z'
}
{
  message: 'PUT /back/posts/1 200 27 - 41.526 ms\n',
  level: 'info',
  timestamp: '2020-12-08T23:34:13.670Z'
}
{
  message: 'GET /back/posts 200 7275 - 42.634 ms\n',
  level: 'info',
  timestamp: '2020-12-08T23:34:13.738Z'
}
{
  message: 'PUT /back/posts/14 200 27 - 69.538 ms\n',
  level: 'info',
  timestamp: '2020-12-08T23:34:21.260Z'
}
{
  message: 'GET /back/posts 200 7275 - 39.447 ms\n',
  level: 'info',
  timestamp: '2020-12-08T23:34:21.317Z'
}
{
  message: 'PUT /back/posts/14 200 39 - 43.356 ms\n',
  level: 'info',
  timestamp: '2020-12-08T23:36:13.949Z'
}
{
  message: 'GET /back/posts 200 7278 - 80.812 ms\n',
  level: 'info',
  timestamp: '2020-12-08T23:36:13.988Z'
}
{
  message: 'GET /back/posts 304 - - 41.705 ms\n',
  level: 'info',
  timestamp: '2020-12-08T23:36:14.052Z'
}
{
  message: 'PUT /back/posts/39 200 27 - 43.272 ms\n',
  level: 'info',
  timestamp: '2020-12-08T23:36:27.577Z'
}
{
  message: 'GET /back/posts 200 7278 - 45.614 ms\n',
  level: 'info',
  timestamp: '2020-12-08T23:36:27.645Z'
}
{
  message: 'POST /back/login 200 305 - 85.440 ms\n',
  level: 'info',
  timestamp: '2020-12-08T23:41:46.058Z'
}
{
  message: 'GET /back/posts 304 - - 40.419 ms\n',
  level: 'info',
  timestamp: '2020-12-08T23:41:50.116Z'
}
{
  message: 'GET /back/posts 304 - - 38.971 ms\n',
  level: 'info',
  timestamp: '2020-12-08T23:41:50.184Z'
}
{
  message: 'POST /back/login 200 305 - 79.061 ms\n',
  level: 'info',
  timestamp: '2020-12-08T23:42:31.560Z'
}
{
  message: 'GET /back/posts 304 - - 38.803 ms\n',
  level: 'info',
  timestamp: '2020-12-08T23:42:33.709Z'
}
{
  message: 'GET /back/posts 304 - - 40.455 ms\n',
  level: 'info',
  timestamp: '2020-12-08T23:42:33.777Z'
}
{
  message: 'PUT /back/posts/28 200 14 - 91.506 ms\n',
  level: 'info',
  timestamp: '2020-12-08T23:42:40.432Z'
}
{
  message: 'GET /back/posts 200 7300 - 44.667 ms\n',
  level: 'info',
  timestamp: '2020-12-08T23:42:40.495Z'
}
{
  message: 'PUT /back/posts/1 200 27 - 40.490 ms\n',
  level: 'info',
  timestamp: '2020-12-08T23:42:44.673Z'
}
{
  message: 'GET /back/posts 200 7300 - 38.782 ms\n',
  level: 'info',
  timestamp: '2020-12-08T23:42:44.721Z'
}
{
  message: 'PUT /back/posts/1 200 14 - 81.220 ms\n',
  level: 'info',
  timestamp: '2020-12-08T23:42:45.913Z'
}
{
  message: 'GET /back/posts 200 7300 - 43.511 ms\n',
  level: 'info',
  timestamp: '2020-12-08T23:42:45.974Z'
}
{
  message: 'PUT /back/posts/27 200 14 - 81.590 ms\n',
  level: 'info',
  timestamp: '2020-12-08T23:42:47.236Z'
}
{
  message: 'GET /back/posts 200 7300 - 40.160 ms\n',
  level: 'info',
  timestamp: '2020-12-08T23:42:47.285Z'
}
{
  message: 'PUT /back/posts/33 200 14 - 81.336 ms\n',
  level: 'info',
  timestamp: '2020-12-08T23:42:48.331Z'
}
{
  message: 'GET /back/posts 200 7300 - 40.275 ms\n',
  level: 'info',
  timestamp: '2020-12-08T23:42:48.385Z'
}
{
  message: 'PUT /back/posts/30 200 14 - 79.263 ms\n',
  level: 'info',
  timestamp: '2020-12-08T23:42:55.896Z'
}
{
  message: 'GET /back/posts 200 7300 - 39.920 ms\n',
  level: 'info',
  timestamp: '2020-12-08T23:42:55.956Z'
}
{
  message: 'PUT /back/posts/14 200 14 - 81.183 ms\n',
  level: 'info',
  timestamp: '2020-12-08T23:42:58.984Z'
}
{
  message: 'GET /back/posts 200 7300 - 37.857 ms\n',
  level: 'info',
  timestamp: '2020-12-08T23:42:59.040Z'
}
{
  message: 'PUT /back/posts/1 200 14 - 85.328 ms\n',
  level: 'info',
  timestamp: '2020-12-08T23:43:00.701Z'
}
{
  message: 'GET /back/posts 200 7300 - 39.818 ms\n',
  level: 'info',
  timestamp: '2020-12-08T23:43:00.761Z'
}
{
  message: 'PUT /back/posts/39 200 14 - 81.727 ms\n',
  level: 'info',
  timestamp: '2020-12-08T23:43:01.693Z'
}
{
  message: 'GET /back/posts 200 7300 - 44.061 ms\n',
  level: 'info',
  timestamp: '2020-12-08T23:43:01.752Z'
}
{
  message: 'PUT /back/posts/39 200 27 - 39.289 ms\n',
  level: 'info',
  timestamp: '2020-12-08T23:43:05.189Z'
}
{
  message: 'GET /back/posts 200 7300 - 38.844 ms\n',
  level: 'info',
  timestamp: '2020-12-08T23:43:05.248Z'
}
{
  message: 'PUT /back/posts/3 200 27 - 42.272 ms\n',
  level: 'info',
  timestamp: '2020-12-08T23:43:08.685Z'
}
{
  message: 'GET /back/posts 200 7300 - 38.497 ms\n',
  level: 'info',
  timestamp: '2020-12-08T23:43:08.741Z'
}
{
  message: 'PUT /back/posts/39 200 27 - 40.606 ms\n',
  level: 'info',
  timestamp: '2020-12-08T23:43:23.974Z'
}
{
  message: 'GET /back/posts 200 7300 - 43.134 ms\n',
  level: 'info',
  timestamp: '2020-12-08T23:43:23.978Z'
}
{
  message: 'GET /back/posts 304 - - 39.963 ms\n',
  level: 'info',
  timestamp: '2020-12-08T23:43:24.042Z'
}
{
  message: 'GET /back/posts 200 7300 - 40.566 ms\n',
  level: 'info',
  timestamp: '2020-12-08T23:43:39.803Z'
}
{
  message: 'PUT /back/posts/39 200 27 - 44.208 ms\n',
  level: 'info',
  timestamp: '2020-12-08T23:43:39.805Z'
}
{
  message: 'GET /back/posts 304 - - 40.619 ms\n',
  level: 'info',
  timestamp: '2020-12-08T23:43:39.889Z'
}
{
  message: 'PUT /back/posts/3 200 14 - 82.132 ms\n',
  level: 'info',
  timestamp: '2020-12-08T23:45:06.402Z'
}
{
  message: 'GET /back/posts 200 7300 - 41.407 ms\n',
  level: 'info',
  timestamp: '2020-12-08T23:45:06.475Z'
}
{
  message: 'PUT /back/posts/2 200 27 - 38.932 ms\n',
  level: 'info',
  timestamp: '2020-12-08T23:45:08.072Z'
}
{
  message: 'GET /back/posts 200 7300 - 39.760 ms\n',
  level: 'info',
  timestamp: '2020-12-08T23:45:08.120Z'
}
{
  message: 'PUT /back/posts/1 200 27 - 40.738 ms\n',
  level: 'info',
  timestamp: '2020-12-08T23:45:09.652Z'
}
{
  message: 'GET /back/posts 200 7300 - 39.656 ms\n',
  level: 'info',
  timestamp: '2020-12-08T23:45:09.699Z'
}
{
  message: 'GET /back/posts 200 7300 - 38.149 ms\n',
  level: 'info',
  timestamp: '2020-12-08T23:45:19.020Z'
}
{
  message: 'PUT /back/posts/3 200 27 - 40.352 ms\n',
  level: 'info',
  timestamp: '2020-12-08T23:45:19.022Z'
}
{
  message: 'GET /back/posts 304 - - 41.625 ms\n',
  level: 'info',
  timestamp: '2020-12-08T23:45:19.084Z'
}
{
  message: 'POST /back/login 200 305 - 90.924 ms\n',
  level: 'info',
  timestamp: '2020-12-08T23:45:47.238Z'
}
{
  message: 'GET /back/posts 304 - - 38.705 ms\n',
  level: 'info',
  timestamp: '2020-12-08T23:45:49.245Z'
}
{
  message: 'GET /back/posts 304 - - 40.945 ms\n',
  level: 'info',
  timestamp: '2020-12-08T23:45:49.313Z'
}
{
  message: 'POST /back/login 200 305 - 80.639 ms\n',
  level: 'info',
  timestamp: '2020-12-08T23:46:04.872Z'
}
{
  message: 'GET /back/posts 304 - - 39.318 ms\n',
  level: 'info',
  timestamp: '2020-12-08T23:46:06.676Z'
}
{
  message: 'GET /back/posts 304 - - 39.780 ms\n',
  level: 'info',
  timestamp: '2020-12-08T23:46:06.745Z'
}
{
  message: 'POST /back/login 200 305 - 81.756 ms\n',
  level: 'info',
  timestamp: '2020-12-08T23:53:32.222Z'
}
{
  message: 'GET /back/posts 304 - - 41.623 ms\n',
  level: 'info',
  timestamp: '2020-12-08T23:53:34.007Z'
}
{
  message: 'GET /back/posts 304 - - 37.488 ms\n',
  level: 'info',
  timestamp: '2020-12-08T23:53:34.074Z'
}
{
  message: 'POST /back/login 200 305 - 81.377 ms\n',
  level: 'info',
  timestamp: '2020-12-08T23:55:18.685Z'
}
{
  message: 'GET /back/posts 304 - - 40.114 ms\n',
  level: 'info',
  timestamp: '2020-12-08T23:55:20.749Z'
}
{
  message: 'GET /back/posts 304 - - 39.963 ms\n',
  level: 'info',
  timestamp: '2020-12-08T23:55:20.817Z'
}
{
  message: 'POST /back/login 200 305 - 83.590 ms\n',
  level: 'info',
  timestamp: '2020-12-08T23:55:42.867Z'
}
{
  message: 'GET /back/posts 304 - - 41.574 ms\n',
  level: 'info',
  timestamp: '2020-12-08T23:55:44.862Z'
}
{
  message: 'GET /back/posts 304 - - 39.159 ms\n',
  level: 'info',
  timestamp: '2020-12-08T23:55:44.926Z'
}
{
  message: 'POST /back/login 200 305 - 79.653 ms\n',
  level: 'info',
  timestamp: '2020-12-08T23:56:03.150Z'
}
{
  message: 'GET /back/posts 304 - - 41.899 ms\n',
  level: 'info',
  timestamp: '2020-12-08T23:56:04.956Z'
}
{
  message: 'GET /back/posts 304 - - 38.560 ms\n',
  level: 'info',
  timestamp: '2020-12-08T23:56:05.014Z'
}
{
  message: 'POST /back/login 200 305 - 80.643 ms\n',
  level: 'info',
  timestamp: '2020-12-08T23:56:12.087Z'
}
{
  message: 'GET /back/posts 304 - - 44.633 ms\n',
  level: 'info',
  timestamp: '2020-12-08T23:56:13.778Z'
}
{
  message: 'GET /back/posts 304 - - 41.197 ms\n',
  level: 'info',
  timestamp: '2020-12-08T23:56:13.839Z'
}
{
  message: 'POST /back/login 200 305 - 81.218 ms\n',
  level: 'info',
  timestamp: '2020-12-08T23:56:26.779Z'
}
{
  message: 'GET /back/posts 304 - - 41.790 ms\n',
  level: 'info',
  timestamp: '2020-12-08T23:56:28.870Z'
}
{
  message: 'GET /back/posts 304 - - 42.456 ms\n',
  level: 'info',
  timestamp: '2020-12-08T23:56:28.975Z'
}
{
  message: 'POST /back/login 200 305 - 82.214 ms\n',
  level: 'info',
  timestamp: '2020-12-08T23:57:44.332Z'
}
{
  message: 'GET /back/posts 304 - - 42.697 ms\n',
  level: 'info',
  timestamp: '2020-12-08T23:57:46.140Z'
}
{
  message: 'GET /back/posts 304 - - 39.614 ms\n',
  level: 'info',
  timestamp: '2020-12-08T23:57:46.208Z'
}
{
  message: 'POST /back/login 200 305 - 82.285 ms\n',
  level: 'info',
  timestamp: '2020-12-09T00:16:01.241Z'
}
{
  message: 'GET /back/posts 304 - - 39.272 ms\n',
  level: 'info',
  timestamp: '2020-12-09T00:16:03.261Z'
}
{
  message: 'GET /back/posts 304 - - 41.461 ms\n',
  level: 'info',
  timestamp: '2020-12-09T00:16:03.334Z'
}
{
  message: 'POST /back/login 200 305 - 82.512 ms\n',
  level: 'info',
  timestamp: '2020-12-09T00:22:21.436Z'
}
{
  message: 'POST /back/login 200 305 - 82.227 ms\n',
  level: 'info',
  timestamp: '2020-12-09T00:37:10.098Z'
}
{
  message: 'POST /back/login 200 305 - 79.625 ms\n',
  level: 'info',
  timestamp: '2020-12-09T00:37:25.826Z'
}
{
  message: 'POST /back/login 200 305 - 77.883 ms\n',
  level: 'info',
  timestamp: '2020-12-09T00:37:42.132Z'
}
{
  message: 'POST /back/login 200 305 - 78.788 ms\n',
  level: 'info',
  timestamp: '2020-12-09T00:37:57.455Z'
}
{
  message: 'GET /back/users?withRoles=true 200 1787 - 40.115 ms\n',
  level: 'info',
  timestamp: '2020-12-09T00:37:59.162Z'
}
{
  message: 'GET /back/users?withRoles=true 304 - - 40.628 ms\n',
  level: 'info',
  timestamp: '2020-12-09T00:37:59.218Z'
}
{
  message: 'POST /back/login 200 305 - 80.755 ms\n',
  level: 'info',
  timestamp: '2020-12-09T00:38:08.832Z'
}
{
  message: 'GET /back/posts 304 - - 40.750 ms\n',
  level: 'info',
  timestamp: '2020-12-09T00:38:10.792Z'
}
{
  message: 'GET /back/posts 304 - - 40.782 ms\n',
  level: 'info',
  timestamp: '2020-12-09T00:38:10.871Z'
}
{
  message: 'POST /back/login 200 305 - 79.717 ms\n',
  level: 'info',
  timestamp: '2020-12-09T00:38:26.239Z'
}
{
  message: 'POST /back/login 200 305 - 80.970 ms\n',
  level: 'info',
  timestamp: '2020-12-09T00:38:38.739Z'
}
{
  message: 'GET /back/posts 304 - - 43.056 ms\n',
  level: 'info',
  timestamp: '2020-12-09T00:38:40.753Z'
}
{
  message: 'GET /back/posts 304 - - 40.672 ms\n',
  level: 'info',
  timestamp: '2020-12-09T00:38:40.828Z'
}
{
  message: 'POST /back/login 200 305 - 79.286 ms\n',
  level: 'info',
  timestamp: '2020-12-09T00:39:05.917Z'
}
{
  message: 'POST /back/login 200 305 - 79.402 ms\n',
  level: 'info',
  timestamp: '2020-12-09T00:39:31.621Z'
}
{
  message: 'POST /back/login 200 305 - 86.770 ms\n',
  level: 'info',
  timestamp: '2020-12-09T00:42:59.672Z'
}
{
  message: 'GET /back/posts 304 - - 41.107 ms\n',
  level: 'info',
  timestamp: '2020-12-09T00:43:02.026Z'
}
{
  message: 'GET /back/posts 304 - - 42.229 ms\n',
  level: 'info',
  timestamp: '2020-12-09T00:43:02.095Z'
}
{
  message: 'GET /back/posts 304 - - 40.391 ms\n',
  level: 'info',
  timestamp: '2020-12-09T00:43:06.542Z'
}
{
  message: 'GET /back/posts 304 - - 38.921 ms\n',
  level: 'info',
  timestamp: '2020-12-09T00:43:06.602Z'
}
{
  message: 'POST /back/login 200 305 - 80.651 ms\n',
  level: 'info',
  timestamp: '2020-12-09T00:44:41.077Z'
}
{
  message: 'POST /back/login 200 305 - 80.834 ms\n',
  level: 'info',
  timestamp: '2020-12-09T00:44:58.461Z'
}
{
  message: 'GET /back/posts 304 - - 39.056 ms\n',
  level: 'info',
  timestamp: '2020-12-09T00:45:00.433Z'
}
{
  message: 'GET /back/posts 304 - - 41.454 ms\n',
  level: 'info',
  timestamp: '2020-12-09T00:45:00.493Z'
}
{
  message: 'POST /back/login 200 305 - 78.315 ms\n',
  level: 'info',
  timestamp: '2020-12-09T00:46:34.094Z'
}
{
  message: 'GET /back/posts 304 - - 40.579 ms\n',
  level: 'info',
  timestamp: '2020-12-09T00:46:36.088Z'
}
{
  message: 'GET /back/posts 304 - - 40.494 ms\n',
  level: 'info',
  timestamp: '2020-12-09T00:46:36.160Z'
}
{
  message: 'POST /back/login 200 305 - 81.556 ms\n',
  level: 'info',
  timestamp: '2020-12-09T00:48:04.868Z'
}
{
  message: 'GET /back/posts 304 - - 39.127 ms\n',
  level: 'info',
  timestamp: '2020-12-09T00:48:07.284Z'
}
{
  message: 'GET /back/posts 304 - - 50.697 ms\n',
  level: 'info',
  timestamp: '2020-12-09T00:48:07.356Z'
}
{
  message: 'POST /back/login 200 305 - 82.455 ms\n',
  level: 'info',
  timestamp: '2020-12-09T00:48:53.925Z'
}
{
  message: 'POST /back/login 200 305 - 81.414 ms\n',
  level: 'info',
  timestamp: '2020-12-09T00:49:59.023Z'
}
{
  message: 'GET /back/posts 304 - - 40.101 ms\n',
  level: 'info',
  timestamp: '2020-12-09T00:50:01.195Z'
}
{
  message: 'GET /back/posts 304 - - 40.241 ms\n',
  level: 'info',
  timestamp: '2020-12-09T00:50:01.255Z'
}
{
  message: 'POST /back/login 200 305 - 78.783 ms\n',
  level: 'info',
  timestamp: '2020-12-09T00:51:33.385Z'
}
{
  message: 'GET /back/posts 304 - - 44.216 ms\n',
  level: 'info',
  timestamp: '2020-12-09T00:51:35.866Z'
}
{
  message: 'GET /back/posts 304 - - 40.853 ms\n',
  level: 'info',
  timestamp: '2020-12-09T00:51:35.938Z'
}
{
  message: 'POST /back/login 200 305 - 160.327 ms\n',
  level: 'info',
  timestamp: '2020-12-09T08:13:43.510Z'
}
{
  message: 'GET /back/users/roles 500 13 - 18.218 ms\n',
  level: 'info',
  timestamp: '2020-12-09T10:50:23.498Z'
}
{
  message: 'POST /back/login 200 305 - 84.962 ms\n',
  level: 'info',
  timestamp: '2020-12-09T10:50:36.889Z'
}
{
  message: 'GET /back/users?withRoles=true 200 1916 - 42.687 ms\n',
  level: 'info',
  timestamp: '2020-12-09T10:50:39.059Z'
}
{
  message: 'GET /back/users?withRoles=true 304 - - 41.527 ms\n',
  level: 'info',
  timestamp: '2020-12-09T10:50:39.117Z'
}
{
  message: 'GET /back/posts 200 7471 - 39.035 ms\n',
  level: 'info',
  timestamp: '2020-12-09T10:50:42.116Z'
}
{
  message: 'GET /back/posts 304 - - 38.957 ms\n',
  level: 'info',
  timestamp: '2020-12-09T10:50:42.192Z'
}
{
  message: 'GET /back/users/roles 200 101 - 38.957 ms\n',
  level: 'info',
  timestamp: '2020-12-09T10:50:45.483Z'
}
{
  message: 'GET /back/users?withRoles=true 304 - - 45.097 ms\n',
  level: 'info',
  timestamp: '2020-12-09T10:50:48.898Z'
}
{
  message: 'GET /back/users?withRoles=true 304 - - 40.822 ms\n',
  level: 'info',
  timestamp: '2020-12-09T10:50:48.954Z'
}
{
  message: 'GET /back/users/roles 304 - - 38.581 ms\n',
  level: 'info',
  timestamp: '2020-12-09T10:50:55.384Z'
}
{
  message: 'GET /back/users?withRoles=true 304 - - 81.386 ms\n',
  level: 'info',
  timestamp: '2020-12-09T10:51:02.928Z'
}
{
  message: 'PUT /back/users/110 200 39 - 91.760 ms\n',
  level: 'info',
  timestamp: '2020-12-09T10:51:02.934Z'
}
{
  message: 'GET /back/users?withRoles=true 200 1926 - 43.927 ms\n',
  level: 'info',
  timestamp: '2020-12-09T10:51:02.989Z'
}
{
  message: 'GET /back/users/roles 304 - - 38.951 ms\n',
  level: 'info',
  timestamp: '2020-12-09T10:51:07.123Z'
}
{
  message: 'GET /back/users?withRoles=true 304 - - 44.632 ms\n',
  level: 'info',
  timestamp: '2020-12-09T10:51:11.305Z'
}
{
  message: 'PUT /back/users/110 200 39 - 91.466 ms\n',
  level: 'info',
  timestamp: '2020-12-09T10:51:11.349Z'
}
{
  message: 'GET /back/users?withRoles=true 200 1920 - 42.570 ms\n',
  level: 'info',
  timestamp: '2020-12-09T10:51:11.361Z'
}
{
  message: 'GET /back/posts 304 - - 39.390 ms\n',
  level: 'info',
  timestamp: '2020-12-09T10:54:30.853Z'
}
{
  message: 'GET /back/posts 304 - - 42.789 ms\n',
  level: 'info',
  timestamp: '2020-12-09T10:54:30.921Z'
}
{
  message: 'PUT /back/posts/1 200 14 - 86.443 ms\n',
  level: 'info',
  timestamp: '2020-12-09T10:54:37.941Z'
}
{
  message: 'GET /back/posts 200 7471 - 42.908 ms\n',
  level: 'info',
  timestamp: '2020-12-09T10:54:37.995Z'
}
{
  message: 'POST /back/login 200 305 - 78.569 ms\n',
  level: 'info',
  timestamp: '2020-12-09T11:09:20.490Z'
}
{
  message: 'GET /back/posts 304 - - 41.201 ms\n',
  level: 'info',
  timestamp: '2020-12-09T11:09:22.455Z'
}
{
  message: 'GET /back/posts 304 - - 49.308 ms\n',
  level: 'info',
  timestamp: '2020-12-09T11:09:22.535Z'
}
{
  message: 'POST /back/login 200 305 - 81.446 ms\n',
  level: 'info',
  timestamp: '2020-12-09T11:09:54.316Z'
}
{
  message: 'GET /back/posts 304 - - 41.135 ms\n',
  level: 'info',
  timestamp: '2020-12-09T11:09:55.764Z'
}
{
  message: 'GET /back/posts 304 - - 40.000 ms\n',
  level: 'info',
  timestamp: '2020-12-09T11:09:55.832Z'
}
{
  message: 'PUT /back/posts/11 200 27 - 43.896 ms\n',
  level: 'info',
  timestamp: '2020-12-09T11:10:07.391Z'
}
{
  message: 'GET /back/posts 200 7471 - 42.122 ms\n',
  level: 'info',
  timestamp: '2020-12-09T11:10:07.460Z'
}
{
  message: 'PUT /back/posts/12 200 27 - 44.079 ms\n',
  level: 'info',
  timestamp: '2020-12-09T11:10:09.507Z'
}
{
  message: 'GET /back/posts 200 7471 - 34.395 ms\n',
  level: 'info',
  timestamp: '2020-12-09T11:10:09.560Z'
}
{
  message: 'PUT /back/posts/13 200 27 - 42.600 ms\n',
  level: 'info',
  timestamp: '2020-12-09T11:10:10.160Z'
}
{
  message: 'GET /back/posts 200 7471 - 41.924 ms\n',
  level: 'info',
  timestamp: '2020-12-09T11:10:10.220Z'
}
{
  message: 'POST /back/login 200 305 - 78.839 ms\n',
  level: 'info',
  timestamp: '2020-12-09T11:10:41.033Z'
}
{
  message: 'GET /back/posts 304 - - 42.911 ms\n',
  level: 'info',
  timestamp: '2020-12-09T11:10:42.829Z'
}
{
  message: 'GET /back/posts 304 - - 40.312 ms\n',
  level: 'info',
  timestamp: '2020-12-09T11:10:42.893Z'
}
{
  message: 'POST /back/login 200 305 - 83.139 ms\n',
  level: 'info',
  timestamp: '2020-12-09T11:12:40.020Z'
}
{
  message: 'GET /back/posts 304 - - 53.101 ms\n',
  level: 'info',
  timestamp: '2020-12-09T11:12:41.969Z'
}
{
  message: 'GET /back/posts 304 - - 41.022 ms\n',
  level: 'info',
  timestamp: '2020-12-09T11:12:42.032Z'
}
{
  message: 'POST /back/login 200 305 - 81.759 ms\n',
  level: 'info',
  timestamp: '2020-12-09T11:15:39.732Z'
}
{
  message: 'GET /back/posts 304 - - 41.086 ms\n',
  level: 'info',
  timestamp: '2020-12-09T11:15:41.628Z'
}
{
  message: 'GET /back/posts 304 - - 43.381 ms\n',
  level: 'info',
  timestamp: '2020-12-09T11:15:41.693Z'
}
{
  message: 'POST /back/login 200 305 - 81.366 ms\n',
  level: 'info',
  timestamp: '2020-12-09T11:16:05.084Z'
}
{
  message: 'GET /back/posts 304 - - 38.822 ms\n',
  level: 'info',
  timestamp: '2020-12-09T11:16:06.768Z'
}
{
  message: 'GET /back/posts 304 - - 40.998 ms\n',
  level: 'info',
  timestamp: '2020-12-09T11:16:06.830Z'
}
{
  message: 'POST /back/login 200 305 - 86.438 ms\n',
  level: 'info',
  timestamp: '2020-12-09T11:18:23.040Z'
}
{
  message: 'GET /back/posts 304 - - 39.452 ms\n',
  level: 'info',
  timestamp: '2020-12-09T11:18:24.888Z'
}
{
  message: 'GET /back/posts 304 - - 42.368 ms\n',
  level: 'info',
  timestamp: '2020-12-09T11:18:24.962Z'
}
{
  message: 'POST /back/login 200 305 - 80.550 ms\n',
  level: 'info',
  timestamp: '2020-12-09T11:22:41.457Z'
}
{
  message: 'GET /back/posts 304 - - 42.450 ms\n',
  level: 'info',
  timestamp: '2020-12-09T11:22:43.445Z'
}
{
  message: 'GET /back/posts 304 - - 38.562 ms\n',
  level: 'info',
  timestamp: '2020-12-09T11:22:43.505Z'
}
{
  message: 'POST /back/login 200 305 - 79.936 ms\n',
  level: 'info',
  timestamp: '2020-12-09T11:22:50.473Z'
}
{
  message: 'GET /back/posts 304 - - 43.056 ms\n',
  level: 'info',
  timestamp: '2020-12-09T11:22:52.435Z'
}
{
  message: 'GET /back/posts 304 - - 40.007 ms\n',
  level: 'info',
  timestamp: '2020-12-09T11:22:52.505Z'
}
{
  message: 'POST /back/login 200 305 - 79.385 ms\n',
  level: 'info',
  timestamp: '2020-12-09T11:25:12.688Z'
}
{
  message: 'GET /back/posts 304 - - 37.863 ms\n',
  level: 'info',
  timestamp: '2020-12-09T11:25:14.248Z'
}
{
  message: 'GET /back/posts 304 - - 40.515 ms\n',
  level: 'info',
  timestamp: '2020-12-09T11:25:14.308Z'
}
{
  message: 'POST /back/login 200 305 - 83.373 ms\n',
  level: 'info',
  timestamp: '2020-12-09T11:25:38.072Z'
}
{
  message: 'GET /back/posts 304 - - 40.566 ms\n',
  level: 'info',
  timestamp: '2020-12-09T11:25:40.023Z'
}
{
  message: 'GET /back/posts 304 - - 39.920 ms\n',
  level: 'info',
  timestamp: '2020-12-09T11:25:40.097Z'
}
{
  message: 'POST /back/login 200 305 - 83.532 ms\n',
  level: 'info',
  timestamp: '2020-12-09T11:39:52.827Z'
}
{
  message: 'GET /back/posts 304 - - 41.689 ms\n',
  level: 'info',
  timestamp: '2020-12-09T11:39:57.625Z'
}
{
  message: 'GET /back/posts 304 - - 42.064 ms\n',
  level: 'info',
  timestamp: '2020-12-09T11:39:57.688Z'
}
{
  message: 'POST /back/login 200 305 - 79.874 ms\n',
  level: 'info',
  timestamp: '2020-12-09T12:57:06.493Z'
}
{
  message: 'POST /back/login 200 305 - 81.503 ms\n',
  level: 'info',
  timestamp: '2020-12-09T12:57:19.317Z'
}
{
  message: 'POST /back/login 200 305 - 79.773 ms\n',
  level: 'info',
  timestamp: '2020-12-09T12:58:05.403Z'
}
{
  message: 'GET /back/posts 304 - - 41.196 ms\n',
  level: 'info',
  timestamp: '2020-12-09T12:58:07.438Z'
}
{
  message: 'GET /back/posts 304 - - 40.847 ms\n',
  level: 'info',
  timestamp: '2020-12-09T12:58:07.507Z'
}
{
  message: 'POST /back/login 200 305 - 81.408 ms\n',
  level: 'info',
  timestamp: '2020-12-09T12:58:42.361Z'
}
{
  message: 'GET /back/posts 304 - - 41.678 ms\n',
  level: 'info',
  timestamp: '2020-12-09T12:58:44.327Z'
}
{
  message: 'GET /back/posts 304 - - 39.105 ms\n',
  level: 'info',
  timestamp: '2020-12-09T12:58:44.394Z'
}
{
  message: 'POST /back/login 200 305 - 82.384 ms\n',
  level: 'info',
  timestamp: '2020-12-09T13:01:10.190Z'
}
{
  message: 'GET /back/posts 304 - - 42.789 ms\n',
  level: 'info',
  timestamp: '2020-12-09T13:01:11.628Z'
}
{
  message: 'GET /back/posts 304 - - 40.750 ms\n',
  level: 'info',
  timestamp: '2020-12-09T13:01:11.698Z'
}
{
  message: 'POST /back/login 200 305 - 80.810 ms\n',
  level: 'info',
  timestamp: '2020-12-09T13:01:30.912Z'
}
{
  message: 'GET /back/posts 304 - - 44.941 ms\n',
  level: 'info',
  timestamp: '2020-12-09T13:01:33.041Z'
}
{
  message: 'GET /back/posts 304 - - 40.230 ms\n',
  level: 'info',
  timestamp: '2020-12-09T13:01:33.110Z'
}
{
  message: 'POST /back/login 200 305 - 80.653 ms\n',
  level: 'info',
  timestamp: '2020-12-09T13:01:53.276Z'
}
{
  message: 'GET /back/posts 304 - - 40.572 ms\n',
  level: 'info',
  timestamp: '2020-12-09T13:01:55.041Z'
}
{
  message: 'GET /back/posts 304 - - 40.911 ms\n',
  level: 'info',
  timestamp: '2020-12-09T13:01:55.111Z'
}
{
  message: 'POST /back/login 200 305 - 83.377 ms\n',
  level: 'info',
  timestamp: '2020-12-09T13:02:20.795Z'
}
{
  message: 'POST /back/login 200 305 - 84.102 ms\n',
  level: 'info',
  timestamp: '2020-12-09T13:03:03.172Z'
}
{
  message: 'POST /back/login 200 305 - 80.094 ms\n',
  level: 'info',
  timestamp: '2020-12-09T13:03:50.737Z'
}
{
  message: 'POST /back/login 200 305 - 80.755 ms\n',
  level: 'info',
  timestamp: '2020-12-09T13:05:18.275Z'
}
{
  message: 'GET /back/posts 304 - - 41.784 ms\n',
  level: 'info',
  timestamp: '2020-12-09T13:05:19.952Z'
}
{
  message: 'GET /back/posts 304 - - 40.535 ms\n',
  level: 'info',
  timestamp: '2020-12-09T13:05:20.019Z'
}
{
  message: 'POST /back/login 200 305 - 79.385 ms\n',
  level: 'info',
  timestamp: '2020-12-09T13:06:12.001Z'
}
{
  message: 'POST /back/login 200 305 - 79.556 ms\n',
  level: 'info',
  timestamp: '2020-12-09T13:07:30.807Z'
}
{
  message: 'POST /back/login 200 305 - 82.456 ms\n',
  level: 'info',
  timestamp: '2020-12-09T13:18:15.974Z'
}
{
  message: 'POST /back/login 200 305 - 79.856 ms\n',
  level: 'info',
  timestamp: '2020-12-09T13:18:55.565Z'
}
{
  message: 'GET /back/posts 304 - - 39.126 ms\n',
  level: 'info',
  timestamp: '2020-12-09T13:18:57.110Z'
}
{
  message: 'GET /back/posts 304 - - 39.345 ms\n',
  level: 'info',
  timestamp: '2020-12-09T13:18:57.170Z'
}
{
  message: 'POST /back/login 200 305 - 81.042 ms\n',
  level: 'info',
  timestamp: '2020-12-09T13:19:04.838Z'
}
{
  message: 'GET /back/posts 304 - - 39.016 ms\n',
  level: 'info',
  timestamp: '2020-12-09T13:19:06.642Z'
}
{
  message: 'GET /back/posts 304 - - 41.135 ms\n',
  level: 'info',
  timestamp: '2020-12-09T13:19:06.702Z'
}
{
  message: 'POST /back/login 200 305 - 81.368 ms\n',
  level: 'info',
  timestamp: '2020-12-09T13:21:33.677Z'
}
{
  message: 'GET /back/posts 304 - - 38.620 ms\n',
  level: 'info',
  timestamp: '2020-12-09T13:21:35.525Z'
}
{
  message: 'GET /back/posts 304 - - 40.243 ms\n',
  level: 'info',
  timestamp: '2020-12-09T13:21:35.597Z'
}
{
  message: 'POST /back/login 200 305 - 85.808 ms\n',
  level: 'info',
  timestamp: '2020-12-09T13:21:58.394Z'
}
{
  message: 'GET /back/posts 304 - - 45.486 ms\n',
  level: 'info',
  timestamp: '2020-12-09T13:22:00.409Z'
}
{
  message: 'GET /back/posts 304 - - 38.766 ms\n',
  level: 'info',
  timestamp: '2020-12-09T13:22:00.494Z'
}
{
  message: 'POST /back/login 200 305 - 82.335 ms\n',
  level: 'info',
  timestamp: '2020-12-09T13:22:26.055Z'
}
{
  message: 'GET /back/posts 304 - - 41.737 ms\n',
  level: 'info',
  timestamp: '2020-12-09T13:22:27.858Z'
}
{
  message: 'GET /back/posts 304 - - 39.767 ms\n',
  level: 'info',
  timestamp: '2020-12-09T13:22:27.926Z'
}
{
  message: 'POST /back/login 200 305 - 79.746 ms\n',
  level: 'info',
  timestamp: '2020-12-09T13:23:31.868Z'
}
{
  message: 'POST /back/login 200 305 - 85.188 ms\n',
  level: 'info',
  timestamp: '2020-12-09T13:24:50.791Z'
}
{
  message: 'GET /back/posts 304 - - 41.419 ms\n',
  level: 'info',
  timestamp: '2020-12-09T13:24:52.578Z'
}
{
  message: 'GET /back/posts 304 - - 39.441 ms\n',
  level: 'info',
  timestamp: '2020-12-09T13:24:52.646Z'
}
{
  message: 'POST /back/login 200 305 - 81.509 ms\n',
  level: 'info',
  timestamp: '2020-12-09T13:28:38.420Z'
}
{
  message: 'GET /back/posts 304 - - 39.705 ms\n',
  level: 'info',
  timestamp: '2020-12-09T13:28:40.647Z'
}
{
  message: 'GET /back/posts 304 - - 41.638 ms\n',
  level: 'info',
  timestamp: '2020-12-09T13:28:40.720Z'
}
{
  message: 'POST /back/login 200 305 - 81.906 ms\n',
  level: 'info',
  timestamp: '2020-12-09T13:29:27.291Z'
}
{
  message: 'GET /back/users?withRoles=true 304 - - 40.693 ms\n',
  level: 'info',
  timestamp: '2020-12-09T13:29:29.300Z'
}
{
  message: 'GET /back/users?withRoles=true 304 - - 42.458 ms\n',
  level: 'info',
  timestamp: '2020-12-09T13:29:29.360Z'
}
{
  message: 'POST /back/login 200 305 - 82.758 ms\n',
  level: 'info',
  timestamp: '2020-12-09T13:30:19.101Z'
}
{
  message: 'GET /back/posts 304 - - 42.509 ms\n',
  level: 'info',
  timestamp: '2020-12-09T13:30:22.194Z'
}
{
  message: 'GET /back/posts 304 - - 41.029 ms\n',
  level: 'info',
  timestamp: '2020-12-09T13:30:22.265Z'
}
{
  message: 'POST /back/login 200 305 - 82.098 ms\n',
  level: 'info',
  timestamp: '2020-12-09T13:31:04.970Z'
}
{
  message: 'GET /back/posts 304 - - 41.596 ms\n',
  level: 'info',
  timestamp: '2020-12-09T13:31:06.723Z'
}
{
  message: 'GET /back/posts 304 - - 39.440 ms\n',
  level: 'info',
  timestamp: '2020-12-09T13:31:06.790Z'
}
{
  message: 'POST /back/login 200 305 - 81.206 ms\n',
  level: 'info',
  timestamp: '2020-12-09T13:34:06.258Z'
}
{
  message: 'GET /back/posts 304 - - 38.669 ms\n',
  level: 'info',
  timestamp: '2020-12-09T13:34:08.290Z'
}
{
  message: 'GET /back/posts 304 - - 39.919 ms\n',
  level: 'info',
  timestamp: '2020-12-09T13:34:08.358Z'
}
{
  message: 'POST /back/login - - - - ms\n',
  level: 'info',
  timestamp: '2020-12-09T13:41:26.162Z'
}
{
  message: 'POST /back/login - - - - ms\n',
  level: 'info',
  timestamp: '2020-12-09T13:41:26.164Z'
}
{
  errorno: 'ETIMEDOUT',
  code: 'ETIMEDOUT',
  syscall: 'connect',
  fatal: true,
  level: 'error',
  timestamp: '2020-12-09T13:41:29.755Z'
}
{
  message: 'POST /back/login 200 2 - 2.390 ms\n',
  level: 'info',
  timestamp: '2020-12-09T13:41:30.412Z'
}
{
  errorno: 'ETIMEDOUT',
  code: 'ETIMEDOUT',
  syscall: 'connect',
  fatal: true,
  level: 'error',
  timestamp: '2020-12-09T13:41:31.056Z'
}
{
  errorno: 'ETIMEDOUT',
  code: 'ETIMEDOUT',
  syscall: 'connect',
  fatal: true,
  level: 'error',
  timestamp: '2020-12-09T13:41:38.011Z'
}
{
  message: 'POST /back/login 500 21 - 10026.474 ms\n',
  level: 'info',
  timestamp: '2020-12-09T13:41:38.024Z'
}
{
  errorno: 'ETIMEDOUT',
  code: 'ETIMEDOUT',
  syscall: 'connect',
  fatal: true,
  level: 'error',
  timestamp: '2020-12-09T13:41:38.745Z'
}
{
  message: 'POST /back/login 500 21 - 10016.210 ms\n',
  level: 'info',
  timestamp: '2020-12-09T13:41:38.759Z'
}
{
  errorno: 'ETIMEDOUT',
  code: 'ETIMEDOUT',
  syscall: 'connect',
  fatal: true,
  level: 'error',
  timestamp: '2020-12-09T13:41:38.992Z'
}
{
  message: 'POST /back/login 500 21 - 10037.240 ms\n',
  level: 'info',
  timestamp: '2020-12-09T13:41:39.018Z'
}
{
  errorno: 'ETIMEDOUT',
  code: 'ETIMEDOUT',
  syscall: 'connect',
  fatal: true,
  level: 'error',
  timestamp: '2020-12-09T13:41:39.195Z'
}
{
  message: 'POST /back/login 500 21 - 10009.058 ms\n',
  level: 'info',
  timestamp: '2020-12-09T13:41:39.202Z'
}
{
  errorno: 'ETIMEDOUT',
  code: 'ETIMEDOUT',
  syscall: 'connect',
  fatal: true,
  level: 'error',
  timestamp: '2020-12-09T13:41:39.399Z'
}
{
  message: 'POST /back/login 500 21 - 10015.973 ms\n',
  level: 'info',
  timestamp: '2020-12-09T13:41:39.409Z'
}
{
  errorno: 'ETIMEDOUT',
  code: 'ETIMEDOUT',
  syscall: 'connect',
  fatal: true,
  level: 'error',
  timestamp: '2020-12-09T13:42:27.694Z'
}
{
  message: 'POST /back/login 500 21 - 10024.565 ms\n',
  level: 'info',
  timestamp: '2020-12-09T13:42:27.702Z'
}
{
  errorno: 'ETIMEDOUT',
  code: 'ETIMEDOUT',
  syscall: 'connect',
  fatal: true,
  level: 'error',
  timestamp: '2020-12-09T13:42:27.895Z'
}
{
  message: 'POST /back/login 500 21 - 10022.733 ms\n',
  level: 'info',
  timestamp: '2020-12-09T13:42:27.902Z'
}
{
  errorno: 'ETIMEDOUT',
  code: 'ETIMEDOUT',
  syscall: 'connect',
  fatal: true,
  level: 'error',
  timestamp: '2020-12-09T13:42:28.097Z'
}
{
  message: 'POST /back/login 500 21 - 10008.821 ms\n',
  level: 'info',
  timestamp: '2020-12-09T13:42:28.104Z'
}
{
  errorno: 'ETIMEDOUT',
  code: 'ETIMEDOUT',
  syscall: 'connect',
  fatal: true,
  level: 'error',
  timestamp: '2020-12-09T13:42:28.333Z'
}
{
  message: 'POST /back/login 500 21 - 10036.304 ms\n',
  level: 'info',
  timestamp: '2020-12-09T13:42:28.358Z'
}
{
  errorno: 'ETIMEDOUT',
  code: 'ETIMEDOUT',
  syscall: 'connect',
  fatal: true,
  level: 'error',
  timestamp: '2020-12-09T13:42:52.253Z'
}
{
  message: 'POST /back/login 500 21 - 10011.197 ms\n',
  level: 'info',
  timestamp: '2020-12-09T13:42:52.258Z'
}
{
  errorno: 'ETIMEDOUT',
  code: 'ETIMEDOUT',
  syscall: 'connect',
  fatal: true,
  level: 'error',
  timestamp: '2020-12-09T13:42:53.343Z'
}
{
  message: 'POST /back/login 500 21 - 10025.833 ms\n',
  level: 'info',
  timestamp: '2020-12-09T13:42:53.365Z'
}
{
  errorno: 'ETIMEDOUT',
  code: 'ETIMEDOUT',
  syscall: 'connect',
  fatal: true,
  level: 'error',
  timestamp: '2020-12-09T13:42:53.576Z'
}
{
  message: 'POST /back/login 500 21 - 10021.647 ms\n',
  level: 'info',
  timestamp: '2020-12-09T13:42:53.588Z'
}
{
  errorno: 'ETIMEDOUT',
  code: 'ETIMEDOUT',
  syscall: 'connect',
  fatal: true,
  level: 'error',
  timestamp: '2020-12-09T13:47:14.399Z'
}
{
  message: 'POST /back/login 500 21 - 10014.195 ms\n',
  level: 'info',
  timestamp: '2020-12-09T13:47:14.411Z'
}
{
  message: 'POST /back/login 200 305 - 177.066 ms\n',
  level: 'info',
  timestamp: '2020-12-09T14:19:00.057Z'
}
{
  message: 'GET /back/posts 304 - - 42.189 ms\n',
  level: 'info',
  timestamp: '2020-12-09T14:19:04.626Z'
}
{
  message: 'GET /back/posts 304 - - 40.578 ms\n',
  level: 'info',
  timestamp: '2020-12-09T14:19:04.697Z'
}
{
  message: 'POST /back/login 200 305 - 80.668 ms\n',
  level: 'info',
  timestamp: '2020-12-09T14:21:11.721Z'
}
{
  message: 'GET /back/posts 304 - - 42.743 ms\n',
  level: 'info',
  timestamp: '2020-12-09T14:21:16.047Z'
}
{
  message: 'GET /back/posts 304 - - 41.327 ms\n',
  level: 'info',
  timestamp: '2020-12-09T14:21:16.140Z'
}
{
  message: 'POST /back/login 200 305 - 81.420 ms\n',
  level: 'info',
  timestamp: '2020-12-09T14:22:03.318Z'
}
{
  message: 'GET /back/posts 304 - - 47.163 ms\n',
  level: 'info',
  timestamp: '2020-12-09T14:22:05.242Z'
}
{
  message: 'GET /back/posts 304 - - 39.339 ms\n',
  level: 'info',
  timestamp: '2020-12-09T14:22:05.309Z'
}
{
  message: 'POST /back/login 200 305 - 79.840 ms\n',
  level: 'info',
  timestamp: '2020-12-09T14:22:29.902Z'
}
{
  message: 'GET /back/posts 304 - - 42.007 ms\n',
  level: 'info',
  timestamp: '2020-12-09T14:22:32.338Z'
}
{
  message: 'GET /back/posts 304 - - 40.913 ms\n',
  level: 'info',
  timestamp: '2020-12-09T14:22:32.410Z'
}
{
  message: 'POST /back/login 200 305 - 80.020 ms\n',
  level: 'info',
  timestamp: '2020-12-09T14:30:57.625Z'
}
{
  message: 'GET /back/posts 304 - - 39.262 ms\n',
  level: 'info',
  timestamp: '2020-12-09T14:30:59.244Z'
}
{
  message: 'GET /back/posts 304 - - 41.596 ms\n',
  level: 'info',
  timestamp: '2020-12-09T14:30:59.321Z'
}
{
  message: 'POST /back/login 200 305 - 85.978 ms\n',
  level: 'info',
  timestamp: '2020-12-09T14:32:37.520Z'
}
{
  message: 'GET /back/posts 304 - - 38.459 ms\n',
  level: 'info',
  timestamp: '2020-12-09T14:32:39.127Z'
}
{
  message: 'GET /back/posts 304 - - 40.905 ms\n',
  level: 'info',
  timestamp: '2020-12-09T14:32:39.203Z'
}
{
  message: 'POST /back/login 200 305 - 80.518 ms\n',
  level: 'info',
  timestamp: '2020-12-09T14:33:51.924Z'
}
{
  message: 'GET /back/posts 304 - - 42.021 ms\n',
  level: 'info',
  timestamp: '2020-12-09T14:33:53.832Z'
}
{
  message: 'GET /back/posts 304 - - 39.175 ms\n',
  level: 'info',
  timestamp: '2020-12-09T14:33:53.904Z'
}
{
  message: 'POST /back/login 200 305 - 83.014 ms\n',
  level: 'info',
  timestamp: '2020-12-09T14:49:14.046Z'
}
{
  message: 'GET /back/posts 304 - - 41.567 ms\n',
  level: 'info',
  timestamp: '2020-12-09T14:49:16.446Z'
}
{
  message: 'GET /back/posts 304 - - 41.337 ms\n',
  level: 'info',
  timestamp: '2020-12-09T14:49:16.522Z'
}
{
  message: 'POST /back/login 200 305 - 82.283 ms\n',
  level: 'info',
  timestamp: '2020-12-09T14:52:57.578Z'
}
{
  message: 'GET /back/posts 304 - - 39.158 ms\n',
  level: 'info',
  timestamp: '2020-12-09T14:53:00.263Z'
}
{
  message: 'GET /back/posts 304 - - 39.308 ms\n',
  level: 'info',
  timestamp: '2020-12-09T14:53:00.335Z'
}
{
  message: 'POST /back/login 200 305 - 84.125 ms\n',
  level: 'info',
  timestamp: '2020-12-09T15:01:57.057Z'
}
{
  message: 'GET /back/posts 304 - - 39.241 ms\n',
  level: 'info',
  timestamp: '2020-12-09T15:01:59.515Z'
}
{
  message: 'GET /back/posts 304 - - 40.323 ms\n',
  level: 'info',
  timestamp: '2020-12-09T15:01:59.587Z'
}
{
  message: 'POST /back/login 200 305 - 84.803 ms\n',
  level: 'info',
  timestamp: '2020-12-09T15:22:06.896Z'
}
{
  message: 'GET /back/posts 200 7471 - 39.058 ms\n',
  level: 'info',
  timestamp: '2020-12-09T15:22:11.037Z'
}
{
  message: 'GET /back/posts 200 7471 - 38.516 ms\n',
  level: 'info',
  timestamp: '2020-12-09T15:22:11.125Z'
}
{
  message: 'POST /back/login 200 305 - 78.385 ms\n',
  level: 'info',
  timestamp: '2020-12-09T15:23:29.695Z'
}
{
  message: 'GET /back/posts 200 7471 - 38.174 ms\n',
  level: 'info',
  timestamp: '2020-12-09T15:23:31.539Z'
}
{
  message: 'GET /back/posts 200 7471 - 39.197 ms\n',
  level: 'info',
  timestamp: '2020-12-09T15:23:31.622Z'
}
{
  message: 'POST /back/login 200 305 - 88.724 ms\n',
  level: 'info',
  timestamp: '2020-12-09T16:07:10.820Z'
}
{
  message: 'GET /back/posts 200 7471 - 39.900 ms\n',
  level: 'info',
  timestamp: '2020-12-09T16:07:13.130Z'
}
{
  message: 'GET /back/posts 200 7471 - 41.407 ms\n',
  level: 'info',
  timestamp: '2020-12-09T16:07:13.210Z'
}
{
  message: 'POST /back/login 200 305 - 81.675 ms\n',
  level: 'info',
  timestamp: '2020-12-09T16:08:01.934Z'
}
{
  message: 'GET /back/users?withRoles=true 200 1920 - 39.364 ms\n',
  level: 'info',
  timestamp: '2020-12-09T16:08:03.882Z'
}
{
  message: 'GET /back/users?withRoles=true 200 1920 - 38.854 ms\n',
  level: 'info',
  timestamp: '2020-12-09T16:08:03.942Z'
}
{
  message: 'GET /back/posts 200 7471 - 41.451 ms\n',
  level: 'info',
  timestamp: '2020-12-09T16:08:06.182Z'
}
{
  message: 'GET /back/posts 200 7471 - 46.053 ms\n',
  level: 'info',
  timestamp: '2020-12-09T16:08:06.254Z'
}
{
  message: 'POST /back/login 200 305 - 81.834 ms\n',
  level: 'info',
  timestamp: '2020-12-09T16:08:48.807Z'
}
{
  message: 'GET /back/posts 200 7471 - 43.660 ms\n',
  level: 'info',
  timestamp: '2020-12-09T16:08:50.663Z'
}
{
  message: 'GET /back/posts 200 7471 - 42.677 ms\n',
  level: 'info',
  timestamp: '2020-12-09T16:08:50.756Z'
}
{
  message: 'POST /back/login 200 305 - 76.607 ms\n',
  level: 'info',
  timestamp: '2020-12-09T16:09:14.707Z'
}
{
  message: 'GET /back/posts 200 7471 - 36.361 ms\n',
  level: 'info',
  timestamp: '2020-12-09T16:09:16.279Z'
}
{
  message: 'GET /back/posts 200 7471 - 40.289 ms\n',
  level: 'info',
  timestamp: '2020-12-09T16:09:16.346Z'
}
{
  message: 'POST /back/login 200 305 - 80.699 ms\n',
  level: 'info',
  timestamp: '2020-12-09T16:18:05.065Z'
}
{
  message: 'GET /back/posts 304 - - 38.745 ms\n',
  level: 'info',
  timestamp: '2020-12-09T16:18:07.094Z'
}
{
  message: 'GET /back/posts 304 - - 38.834 ms\n',
  level: 'info',
  timestamp: '2020-12-09T16:18:07.154Z'
}
{
  message: 'POST /back/login 200 305 - 82.661 ms\n',
  level: 'info',
  timestamp: '2020-12-09T16:18:47.490Z'
}
{
  message: 'GET /back/posts 304 - - 42.455 ms\n',
  level: 'info',
  timestamp: '2020-12-09T16:18:49.867Z'
}
{
  message: 'GET /back/posts 304 - - 42.386 ms\n',
  level: 'info',
  timestamp: '2020-12-09T16:18:49.931Z'
}
{
  message: 'POST /back/login 200 305 - 80.251 ms\n',
  level: 'info',
  timestamp: '2020-12-09T16:18:57.200Z'
}
{
  message: 'GET /back/posts 304 - - 41.459 ms\n',
  level: 'info',
  timestamp: '2020-12-09T16:18:58.712Z'
}
{
  message: 'GET /back/posts 304 - - 39.767 ms\n',
  level: 'info',
  timestamp: '2020-12-09T16:18:58.772Z'
}
{
  message: 'POST /back/login 200 305 - 78.649 ms\n',
  level: 'info',
  timestamp: '2020-12-09T16:19:32.556Z'
}
{
  message: 'POST /back/login 200 305 - 81.023 ms\n',
  level: 'info',
  timestamp: '2020-12-09T16:20:00.952Z'
}
{
  message: 'GET /back/posts 304 - - 41.550 ms\n',
  level: 'info',
  timestamp: '2020-12-09T16:20:02.561Z'
}
{
  message: 'GET /back/posts 304 - - 37.939 ms\n',
  level: 'info',
  timestamp: '2020-12-09T16:20:02.620Z'
}
{
  message: 'POST /back/login 200 305 - 88.890 ms\n',
  level: 'info',
  timestamp: '2020-12-09T18:35:06.503Z'
}
{
  message: 'GET /back/posts 304 - - 37.333 ms\n',
  level: 'info',
  timestamp: '2020-12-09T18:35:11.498Z'
}
{
  message: 'GET /back/posts 304 - - 36.332 ms\n',
  level: 'info',
  timestamp: '2020-12-09T18:35:11.570Z'
}
{
  message: 'POST /back/login 200 305 - 87.953 ms\n',
  level: 'info',
  timestamp: '2020-12-09T18:43:04.228Z'
}
{
  message: 'GET /back/posts 304 - - 36.987 ms\n',
  level: 'info',
  timestamp: '2020-12-09T18:43:06.696Z'
}
{
  message: 'GET /back/posts 304 - - 39.229 ms\n',
  level: 'info',
  timestamp: '2020-12-09T18:43:06.769Z'
}
{
  message: 'POST /back/login 200 305 - 77.967 ms\n',
  level: 'info',
  timestamp: '2020-12-09T18:48:11.840Z'
}
{
  message: 'GET /back/posts 304 - - 44.087 ms\n',
  level: 'info',
  timestamp: '2020-12-09T18:48:15.003Z'
}
{
  message: 'GET /back/posts 304 - - 38.880 ms\n',
  level: 'info',
  timestamp: '2020-12-09T18:48:15.110Z'
}
{
  message: 'POST /back/login 200 305 - 75.074 ms\n',
  level: 'info',
  timestamp: '2020-12-09T18:48:53.810Z'
}
{
  message: 'GET /back/posts 304 - - 39.075 ms\n',
  level: 'info',
  timestamp: '2020-12-09T18:48:55.858Z'
}
{
  message: 'GET /back/posts 304 - - 39.329 ms\n',
  level: 'info',
  timestamp: '2020-12-09T18:48:55.930Z'
}
{
  message: 'POST /back/login 200 305 - 79.304 ms\n',
  level: 'info',
  timestamp: '2020-12-09T18:53:42.875Z'
}
{
  message: 'GET /back/posts 200 7471 - 42.084 ms\n',
  level: 'info',
  timestamp: '2020-12-09T18:53:44.925Z'
}
{
  message: 'GET /back/posts 200 7471 - 39.507 ms\n',
  level: 'info',
  timestamp: '2020-12-09T18:53:45.005Z'
}
{
  message: 'POST /back/login 200 305 - 79.880 ms\n',
  level: 'info',
  timestamp: '2020-12-09T19:03:36.298Z'
}
{
  message: 'GET /back/posts 304 - - 39.269 ms\n',
  level: 'info',
  timestamp: '2020-12-09T19:03:38.590Z'
}
{
  message: 'GET /back/posts 304 - - 36.281 ms\n',
  level: 'info',
  timestamp: '2020-12-09T19:03:38.662Z'
}
{
  message: 'POST /back/login 200 305 - 136.617 ms\n',
  level: 'info',
  timestamp: '2020-12-09T19:34:41.877Z'
}
{
  message: 'GET /back/posts 304 - - 43.165 ms\n',
  level: 'info',
  timestamp: '2020-12-09T19:34:44.377Z'
}
{
  message: 'GET /back/posts 304 - - 39.387 ms\n',
  level: 'info',
  timestamp: '2020-12-09T19:34:44.449Z'
}
{
  message: 'POST /back/login 200 305 - 87.041 ms\n',
  level: 'info',
  timestamp: '2020-12-09T19:36:55.149Z'
}
{
  message: 'GET /back/posts 304 - - 40.755 ms\n',
  level: 'info',
  timestamp: '2020-12-09T19:36:58.073Z'
}
{
  message: 'GET /back/posts 304 - - 44.281 ms\n',
  level: 'info',
  timestamp: '2020-12-09T19:36:58.149Z'
}
{
  message: 'POST /back/login 200 305 - 80.086 ms\n',
  level: 'info',
  timestamp: '2020-12-09T19:58:31.373Z'
}
{
  message: 'GET /back/posts 304 - - 39.322 ms\n',
  level: 'info',
  timestamp: '2020-12-09T19:58:34.246Z'
}
{
  message: 'GET /back/posts 304 - - 44.246 ms\n',
  level: 'info',
  timestamp: '2020-12-09T19:58:34.323Z'
}
{
  message: 'POST /back/login 200 305 - 81.712 ms\n',
  level: 'info',
  timestamp: '2020-12-09T19:59:03.956Z'
}
{
  message: 'GET /back/posts 304 - - 38.930 ms\n',
  level: 'info',
  timestamp: '2020-12-09T19:59:06.390Z'
}
{
  message: 'GET /back/posts 304 - - 40.926 ms\n',
  level: 'info',
  timestamp: '2020-12-09T19:59:06.486Z'
}
{
  message: 'POST /back/login 200 305 - 84.887 ms\n',
  level: 'info',
  timestamp: '2020-12-09T20:03:15.740Z'
}
{
  message: 'GET /back/posts 304 - - 43.282 ms\n',
  level: 'info',
  timestamp: '2020-12-09T20:03:17.801Z'
}
{
  message: 'GET /back/posts 304 - - 41.517 ms\n',
  level: 'info',
  timestamp: '2020-12-09T20:03:17.900Z'
}
{
  message: 'POST /back/login 200 305 - 82.936 ms\n',
  level: 'info',
  timestamp: '2020-12-09T20:25:01.915Z'
}
{
  message: 'GET /back/posts 304 - - 48.329 ms\n',
  level: 'info',
  timestamp: '2020-12-09T20:25:03.706Z'
}
{
  message: 'GET /back/posts 304 - - 41.374 ms\n',
  level: 'info',
  timestamp: '2020-12-09T20:25:03.820Z'
}
{
  message: 'POST /back/login 200 305 - 84.152 ms\n',
  level: 'info',
  timestamp: '2020-12-09T20:25:29.814Z'
}
{
  message: 'GET /back/posts 304 - - 46.829 ms\n',
  level: 'info',
  timestamp: '2020-12-09T20:25:32.205Z'
}
{
  message: 'GET /back/posts 304 - - 39.449 ms\n',
  level: 'info',
  timestamp: '2020-12-09T20:25:32.304Z'
}
{
  message: 'POST /back/login 200 305 - 79.486 ms\n',
  level: 'info',
  timestamp: '2020-12-09T20:26:07.117Z'
}
{
  message: 'POST /back/login 200 305 - 80.286 ms\n',
  level: 'info',
  timestamp: '2020-12-09T20:26:32.241Z'
}
{
  message: 'GET /back/posts 304 - - 41.666 ms\n',
  level: 'info',
  timestamp: '2020-12-09T20:26:34.061Z'
}
{
  message: 'GET /back/posts 304 - - 38.451 ms\n',
  level: 'info',
  timestamp: '2020-12-09T20:26:34.156Z'
}
{
  message: 'POST /back/login 200 305 - 81.935 ms\n',
  level: 'info',
  timestamp: '2020-12-09T20:27:46.971Z'
}
{
  message: 'GET /back/posts 304 - - 44.364 ms\n',
  level: 'info',
  timestamp: '2020-12-09T20:27:49.189Z'
}
{
  message: 'GET /back/posts 304 - - 41.922 ms\n',
  level: 'info',
  timestamp: '2020-12-09T20:27:49.292Z'
}
{
  message: 'POST /back/login 200 305 - 81.263 ms\n',
  level: 'info',
  timestamp: '2020-12-09T20:28:08.943Z'
}
{
  message: 'GET /back/posts 304 - - 39.270 ms\n',
  level: 'info',
  timestamp: '2020-12-09T20:28:11.156Z'
}
{
  message: 'GET /back/posts 304 - - 40.171 ms\n',
  level: 'info',
  timestamp: '2020-12-09T20:28:11.221Z'
}
{
  message: 'POST /back/login 200 305 - 78.321 ms\n',
  level: 'info',
  timestamp: '2020-12-09T20:28:27.003Z'
}
{
  message: 'GET /back/posts 304 - - 47.278 ms\n',
  level: 'info',
  timestamp: '2020-12-09T20:28:28.684Z'
}
{
  message: 'GET /back/posts 304 - - 42.175 ms\n',
  level: 'info',
  timestamp: '2020-12-09T20:28:28.796Z'
}
{
  message: 'POST /back/login 200 305 - 80.585 ms\n',
  level: 'info',
  timestamp: '2020-12-09T20:28:41.340Z'
}
{
  message: 'GET /back/posts 304 - - 43.862 ms\n',
  level: 'info',
  timestamp: '2020-12-09T20:28:43.513Z'
}
{
  message: 'GET /back/posts 304 - - 40.847 ms\n',
  level: 'info',
  timestamp: '2020-12-09T20:28:43.609Z'
}
{
  message: 'POST /back/login 200 305 - 89.342 ms\n',
  level: 'info',
  timestamp: '2020-12-09T20:29:40.466Z'
}
{
  message: 'GET /back/posts 304 - - 41.634 ms\n',
  level: 'info',
  timestamp: '2020-12-09T20:29:42.242Z'
}
{
  message: 'GET /back/posts 304 - - 39.127 ms\n',
  level: 'info',
  timestamp: '2020-12-09T20:29:42.338Z'
}
{
  message: 'POST /back/login 200 305 - 80.652 ms\n',
  level: 'info',
  timestamp: '2020-12-09T20:30:38.063Z'
}
{
  message: 'GET /back/posts 304 - - 41.636 ms\n',
  level: 'info',
  timestamp: '2020-12-09T20:30:39.872Z'
}
{
  message: 'GET /back/posts 304 - - 39.791 ms\n',
  level: 'info',
  timestamp: '2020-12-09T20:30:39.967Z'
}
{
  message: 'POST /back/login 200 305 - 80.987 ms\n',
  level: 'info',
  timestamp: '2020-12-09T20:31:15.204Z'
}
{
  message: 'GET /back/posts 304 - - 39.888 ms\n',
  level: 'info',
  timestamp: '2020-12-09T20:31:16.984Z'
}
{
  message: 'GET /back/posts 304 - - 42.002 ms\n',
  level: 'info',
  timestamp: '2020-12-09T20:31:17.084Z'
}
{
  message: 'POST /back/login 200 305 - 83.018 ms\n',
  level: 'info',
  timestamp: '2020-12-09T21:00:09.444Z'
}
{
  message: 'GET /back/posts 304 - - 42.883 ms\n',
  level: 'info',
  timestamp: '2020-12-09T21:00:11.641Z'
}
{
  message: 'GET /back/posts 304 - - 41.521 ms\n',
  level: 'info',
  timestamp: '2020-12-09T21:00:11.740Z'
}
{
  message: 'POST /back/login 200 305 - 81.992 ms\n',
  level: 'info',
  timestamp: '2020-12-09T21:00:32.365Z'
}
{
  message: 'GET /back/posts 304 - - 40.103 ms\n',
  level: 'info',
  timestamp: '2020-12-09T21:00:34.181Z'
}
{
  message: 'GET /back/posts 304 - - 46.144 ms\n',
  level: 'info',
  timestamp: '2020-12-09T21:00:34.285Z'
}
{
  message: 'GET /back/users?withRoles=true 200 1920 - 46.535 ms\n',
  level: 'info',
  timestamp: '2020-12-09T21:10:07.433Z'
}
{
  message: 'GET /back/users?withRoles=true 304 - - 42.999 ms\n',
  level: 'info',
  timestamp: '2020-12-09T21:10:07.492Z'
}
{
  message: 'GET /back/users/roles 304 - - 40.503 ms\n',
  level: 'info',
  timestamp: '2020-12-09T21:10:14.044Z'
}
{
  message: 'GET /back/users?withRoles=true 304 - - 41.628 ms\n',
  level: 'info',
  timestamp: '2020-12-09T21:10:20.608Z'
}
{
  message: 'GET /back/users?withRoles=true 304 - - 43.275 ms\n',
  level: 'info',
  timestamp: '2020-12-09T21:10:20.668Z'
}
{
  message: 'GET /back/posts 304 - - 38.955 ms\n',
  level: 'info',
  timestamp: '2020-12-09T21:10:46.461Z'
}
{
  message: 'GET /back/posts 304 - - 41.811 ms\n',
  level: 'info',
  timestamp: '2020-12-09T21:10:46.581Z'
}
{
  message: 'GET /back/users?withRoles=true 304 - - 40.039 ms\n',
  level: 'info',
  timestamp: '2020-12-09T21:10:47.636Z'
}
{
  message: 'GET /back/users?withRoles=true 304 - - 41.764 ms\n',
  level: 'info',
  timestamp: '2020-12-09T21:10:47.692Z'
}
{
  message: 'POST /back/login 200 305 - 82.164 ms\n',
  level: 'info',
  timestamp: '2020-12-09T21:16:48.696Z'
}
{
  message: 'GET /back/users?withRoles=true 304 - - 44.340 ms\n',
  level: 'info',
  timestamp: '2020-12-09T21:16:50.580Z'
}
{
  message: 'GET /back/users?withRoles=true 304 - - 39.796 ms\n',
  level: 'info',
  timestamp: '2020-12-09T21:16:50.636Z'
}
{
  message: 'POST /back/login 200 305 - 78.909 ms\n',
  level: 'info',
  timestamp: '2020-12-09T21:18:48.291Z'
}
{
  message: 'GET /back/users?withRoles=true 304 - - 41.075 ms\n',
  level: 'info',
  timestamp: '2020-12-09T21:18:50.988Z'
}
{
  message: 'GET /back/users?withRoles=true 304 - - 41.983 ms\n',
  level: 'info',
  timestamp: '2020-12-09T21:18:51.047Z'
}
{
  message: 'GET /back/posts 304 - - 41.056 ms\n',
  level: 'info',
  timestamp: '2020-12-09T21:18:53.387Z'
}
{
  message: 'GET /back/posts 304 - - 42.035 ms\n',
  level: 'info',
  timestamp: '2020-12-09T21:18:53.484Z'
}
{
  message: 'GET /back/users?withRoles=true 304 - - 44.509 ms\n',
  level: 'info',
  timestamp: '2020-12-09T21:18:54.545Z'
}
{
  message: 'GET /back/users?withRoles=true 304 - - 49.263 ms\n',
  level: 'info',
  timestamp: '2020-12-09T21:18:54.629Z'
}
{
  message: 'POST /back/login 200 305 - 81.063 ms\n',
  level: 'info',
  timestamp: '2020-12-09T21:19:13.984Z'
}
{
  message: 'GET /back/users?withRoles=true 304 - - 40.927 ms\n',
  level: 'info',
  timestamp: '2020-12-09T21:19:15.888Z'
}
{
  message: 'GET /back/users?withRoles=true 304 - - 43.288 ms\n',
  level: 'info',
  timestamp: '2020-12-09T21:19:15.948Z'
}
{
  message: 'GET /back/posts 304 - - 39.460 ms\n',
  level: 'info',
  timestamp: '2020-12-09T21:19:18.760Z'
}
{
  message: 'GET /back/posts 304 - - 38.656 ms\n',
  level: 'info',
  timestamp: '2020-12-09T21:19:18.848Z'
}
{
  message: 'GET /back/users?withRoles=true 304 - - 44.006 ms\n',
  level: 'info',
  timestamp: '2020-12-09T21:19:19.511Z'
}
{
  message: 'GET /back/users?withRoles=true 304 - - 39.495 ms\n',
  level: 'info',
  timestamp: '2020-12-09T21:19:19.563Z'
}
{
  message: 'POST /back/login 200 305 - 81.161 ms\n',
  level: 'info',
  timestamp: '2020-12-09T21:19:25.773Z'
}
{
  message: 'GET /back/posts 304 - - 43.319 ms\n',
  level: 'info',
  timestamp: '2020-12-09T21:19:27.769Z'
}
{
  message: 'GET /back/posts 304 - - 43.827 ms\n',
  level: 'info',
  timestamp: '2020-12-09T21:19:27.872Z'
}
{
  message: 'GET /back/users?withRoles=true 304 - - 41.971 ms\n',
  level: 'info',
  timestamp: '2020-12-09T21:19:29.516Z'
}
{
  message: 'GET /back/users?withRoles=true 304 - - 41.764 ms\n',
  level: 'info',
  timestamp: '2020-12-09T21:19:29.572Z'
}
{
  message: 'GET /back/posts 304 - - 41.636 ms\n',
  level: 'info',
  timestamp: '2020-12-09T21:19:30.901Z'
}
{
  message: 'GET /back/posts 304 - - 39.307 ms\n',
  level: 'info',
  timestamp: '2020-12-09T21:19:30.977Z'
}
{
  message: 'GET /back/users?withRoles=true 304 - - 41.653 ms\n',
  level: 'info',
  timestamp: '2020-12-09T21:19:33.211Z'
}
{
  message: 'GET /back/users?withRoles=true 304 - - 42.102 ms\n',
  level: 'info',
  timestamp: '2020-12-09T21:19:33.268Z'
}
{
  message: 'GET /back/posts 304 - - 41.581 ms\n',
  level: 'info',
  timestamp: '2020-12-09T21:19:37.365Z'
}
{
  message: 'GET /back/posts 304 - - 42.108 ms\n',
  level: 'info',
  timestamp: '2020-12-09T21:19:37.449Z'
}
{
  message: 'GET /back/users?withRoles=true 304 - - 41.283 ms\n',
  level: 'info',
  timestamp: '2020-12-09T21:19:38.912Z'
}
{
  message: 'GET /back/users?withRoles=true 304 - - 42.310 ms\n',
  level: 'info',
  timestamp: '2020-12-09T21:19:38.968Z'
}
{
  message: 'POST /back/login 200 305 - 81.880 ms\n',
  level: 'info',
  timestamp: '2020-12-09T21:20:34.702Z'
}
{
  message: 'GET /back/posts 304 - - 39.967 ms\n',
  level: 'info',
  timestamp: '2020-12-09T21:20:36.558Z'
}
{
  message: 'GET /back/posts 304 - - 41.308 ms\n',
  level: 'info',
  timestamp: '2020-12-09T21:20:36.658Z'
}
{
  message: 'POST /back/login 200 305 - 83.238 ms\n',
  level: 'info',
  timestamp: '2020-12-09T21:21:23.418Z'
}
{
  message: 'GET /back/posts 304 - - 40.698 ms\n',
  level: 'info',
  timestamp: '2020-12-09T21:21:27.697Z'
}
{
  message: 'GET /back/posts 304 - - 43.601 ms\n',
  level: 'info',
  timestamp: '2020-12-09T21:21:27.805Z'
}
{
  message: 'GET /back/users?withRoles=true 304 - - 41.400 ms\n',
  level: 'info',
  timestamp: '2020-12-09T21:21:30.641Z'
}
{
  message: 'GET /back/users?withRoles=true 304 - - 40.455 ms\n',
  level: 'info',
  timestamp: '2020-12-09T21:21:30.695Z'
}
{
  message: 'GET /back/users/roles - - - - ms\n',
  level: 'info',
  timestamp: '2020-12-09T21:39:22.238Z'
}
{
  message: 'POST /back/login 200 305 - 80.760 ms\n',
  level: 'info',
  timestamp: '2020-12-09T21:39:25.622Z'
}
{
  message: 'GET /back/users?withRoles=true 304 - - 42.327 ms\n',
  level: 'info',
  timestamp: '2020-12-09T21:39:28.182Z'
}
{
  message: 'GET /back/users?withRoles=true 304 - - 43.133 ms\n',
  level: 'info',
  timestamp: '2020-12-09T21:39:28.244Z'
}
{
  message: 'GET /back/users/roles 200 101 - 42.009 ms\n',
  level: 'info',
  timestamp: '2020-12-09T21:39:28.797Z'
}
{
  message: 'POST /back/users 200 23 - 68.783 ms\n',
  level: 'info',
  timestamp: '2020-12-09T21:39:53.295Z'
}
{
  message: 'GET /back/users?withRoles=true 200 2057 - 89.377 ms\n',
  level: 'info',
  timestamp: '2020-12-09T21:39:53.319Z'
}
{
  message: 'GET /back/users?withRoles=true 304 - - 43.113 ms\n',
  level: 'info',
  timestamp: '2020-12-09T21:39:53.378Z'
}
{
  message: 'GET /back/users/roles 304 - - 39.550 ms\n',
  level: 'info',
  timestamp: '2020-12-09T21:39:59.659Z'
}
{
  message: 'GET /back/users?withRoles=true 304 - - 43.101 ms\n',
  level: 'info',
  timestamp: '2020-12-09T21:40:01.750Z'
}
{
  message: 'PUT /back/users/111 200 39 - 83.016 ms\n',
  level: 'info',
  timestamp: '2020-12-09T21:40:01.787Z'
}
{
  message: 'GET /back/users?withRoles=true 200 2058 - 41.781 ms\n',
  level: 'info',
  timestamp: '2020-12-09T21:40:01.811Z'
}
{
  message: 'GET /back/posts 304 - - 42.758 ms\n',
  level: 'info',
  timestamp: '2020-12-09T21:40:14.632Z'
}
{
  message: 'GET /back/posts 304 - - 40.529 ms\n',
  level: 'info',
  timestamp: '2020-12-09T21:40:14.731Z'
}
{
  message: 'GET /back/users?withRoles=true 304 - - 40.471 ms\n',
  level: 'info',
  timestamp: '2020-12-09T21:40:18.123Z'
}
{
  message: 'GET /back/users?withRoles=true 304 - - 41.561 ms\n',
  level: 'info',
  timestamp: '2020-12-09T21:40:18.178Z'
}
{
  message: 'GET /back/users/roles 304 - - 41.343 ms\n',
  level: 'info',
  timestamp: '2020-12-09T21:40:21.950Z'
}
{
  message: 'GET /back/users?withRoles=true 304 - - 41.880 ms\n',
  level: 'info',
  timestamp: '2020-12-09T21:40:23.599Z'
}
{
  message: 'GET /back/users?withRoles=true 304 - - 43.772 ms\n',
  level: 'info',
  timestamp: '2020-12-09T21:40:23.656Z'
}
{
  message: 'GET /back/posts 304 - - 41.788 ms\n',
  level: 'info',
  timestamp: '2020-12-09T21:40:32.015Z'
}
{
  message: 'GET /back/posts 304 - - 39.015 ms\n',
  level: 'info',
  timestamp: '2020-12-09T21:40:32.099Z'
}
{
  message: 'GET /back/users?withRoles=true 304 - - 43.645 ms\n',
  level: 'info',
  timestamp: '2020-12-09T21:55:37.202Z'
}
{
  message: 'GET /back/users?withRoles=true 304 - - 42.829 ms\n',
  level: 'info',
  timestamp: '2020-12-09T21:55:37.261Z'
}
{
  message: 'POST /back/login 200 305 - 84.190 ms\n',
  level: 'info',
  timestamp: '2020-12-09T21:58:05.156Z'
}
